Log file open, 10/19/20 00:53:58
LogInit: Display: Running engine for game: ActionRPG
LogPlatformFile: Not using cached read wrapper
LogTaskGraph: Started task graph with 5 named threads and 14 total threads with 3 sets of task threads.
LogStats: Stats thread started at 3.397718
LogD3D11RHI: Loaded GFSDK_Aftermath_Lib.x64.dll
LogICUInternationalization: ICU TimeZone Detection - Raw Offset: +3:00, Platform Override: ''
LogPluginManager: Mounting plugin Paper2D
LogPluginManager: Mounting plugin AISupport
LogPluginManager: Mounting plugin CameraShakePreviewer
LogPluginManager: Mounting plugin ActorLayerUtilities
LogPluginManager: Mounting plugin AnimationSharing
LogPluginManager: Mounting plugin CLionSourceCodeAccess
LogPluginManager: Mounting plugin CodeLiteSourceCodeAccess
LogPluginManager: Mounting plugin GitSourceControl
LogPluginManager: Mounting plugin KDevelopSourceCodeAccess
LogPluginManager: Mounting plugin NullSourceCodeAccess
LogPluginManager: Mounting plugin PerforceSourceControl
LogPluginManager: Mounting plugin PlasticSourceControl
LogPluginManager: Mounting plugin RiderSourceCodeAccess
LogPluginManager: Mounting plugin SubversionSourceControl
LogPluginManager: Mounting plugin VisualStudioCodeSourceCodeAccess
LogPluginManager: Mounting plugin VisualStudioSourceCodeAccess
LogPluginManager: Mounting plugin XCodeSourceCodeAccess
LogPluginManager: Mounting plugin AssetManagerEditor
LogPluginManager: Mounting plugin CurveEditorTools
LogPluginManager: Mounting plugin EditorScriptingUtilities
LogPluginManager: Mounting plugin GameplayTagsEditor
LogPluginManager: Mounting plugin GeometryMode
LogPluginManager: Mounting plugin MacGraphicsSwitching
LogPluginManager: Mounting plugin MaterialAnalyzer
LogPluginManager: Mounting plugin MobileLauncherProfileWizard
LogPluginManager: Mounting plugin PluginBrowser
LogPluginManager: Mounting plugin SpeedTreeImporter
LogPluginManager: Mounting plugin VariantManagerContent
LogPluginManager: Mounting plugin AutomationUtils
LogPluginManager: Mounting plugin BackChannel
LogPluginManager: Mounting plugin ChaosCloth
LogPluginManager: Mounting plugin ChaosClothEditor
LogPluginManager: Mounting plugin ChaosNiagara
LogPluginManager: Mounting plugin ChaosSolverPlugin
LogPluginManager: Mounting plugin GeometryProcessing
LogPluginManager: Mounting plugin PlatformCrypto
LogPluginManager: Mounting plugin ProxyLODPlugin
LogPluginManager: Mounting plugin SkeletalReduction
LogPluginManager: Mounting plugin Niagara
LogPluginManager: Mounting plugin MagicLeapPassableWorld
LogPluginManager: Mounting plugin MLSDK
LogPluginManager: Mounting plugin AndroidMedia
LogPluginManager: Mounting plugin AvfMedia
LogPluginManager: Mounting plugin ImgMedia
LogPluginManager: Mounting plugin MediaPlayerEditor
LogPluginManager: Mounting plugin WebMMedia
LogPluginManager: Mounting plugin MeshPainting
LogPluginManager: Mounting plugin TcpMessaging
LogPluginManager: Mounting plugin UdpMessaging
LogPluginManager: Mounting plugin ActorSequence
LogPluginManager: Mounting plugin LevelSequenceEditor
LogPluginManager: Mounting plugin MatineeToLevelSequence
LogPluginManager: Mounting plugin MovieRenderPipeline
LogPluginManager: Mounting plugin TemplateSequence
LogPluginManager: Mounting plugin NetcodeUnitTest
LogPluginManager: Mounting plugin NUTUnrealEngine4
LogPluginManager: Mounting plugin OnlineSubsystemGooglePlay
LogPluginManager: Mounting plugin OnlineSubsystemIOS
LogPluginManager: Mounting plugin OnlineSubsystem
LogPluginManager: Mounting plugin OnlineSubsystemNull
LogPluginManager: Mounting plugin OnlineSubsystemUtils
LogPluginManager: Mounting plugin LauncherChunkInstaller
LogPluginManager: Mounting plugin AndroidDeviceProfileSelector
LogPluginManager: Mounting plugin AndroidMoviePlayer
LogPluginManager: Mounting plugin AndroidPermission
LogPluginManager: Mounting plugin AppleImageUtils
LogPluginManager: Mounting plugin AppleMoviePlayer
LogPluginManager: Mounting plugin AssetTags
LogPluginManager: Mounting plugin EditableMesh
LogPluginManager: Mounting plugin ExampleDeviceProfileSelector
LogPluginManager: Mounting plugin GameplayAbilities
LogPluginManager: Mounting plugin GoogleCloudMessaging
LogPluginManager: Mounting plugin GooglePAD
LogPluginManager: Mounting plugin IOSDeviceProfileSelector
LogPluginManager: Mounting plugin LinuxDeviceProfileSelector
LogPluginManager: Mounting plugin MobilePatchingUtils
LogPluginManager: Mounting plugin PostSplashScreen
LogPluginManager: Mounting plugin SignificanceManager
LogPluginManager: Mounting plugin SoundFields
LogPluginManager: Mounting plugin Synthesis
LogPluginManager: Mounting plugin WebMMoviePlayer
LogPluginManager: Mounting plugin SlateRemote
LogPluginManager: Mounting plugin ScreenshotTools
Launching UnrealBuildTool... [C:/Program Files/Epic Games/UE_4.25/Engine/Binaries/DotNET/UnrealBuildTool.exe -Mode=QueryTargets -Project="C:/Users/geras/Downloads/UE4AutotestLecture-master/ActionRPG/ActionRPG.uproject" -Output="C:/Users/geras/Downloads/UE4AutotestLecture-master/ActionRPG/Intermediate/TargetInfo.json"]
LogInit: Using libcurl 7.55.1-DEV
LogInit:  - built for x86_64-pc-win32
LogInit:  - supports SSL with OpenSSL/1.1.1
LogInit:  - supports HTTP deflate (compression) using libz 1.2.8
LogInit:  - other features:
LogInit:      CURL_VERSION_SSL
LogInit:      CURL_VERSION_LIBZ
LogInit:      CURL_VERSION_IPV6
LogInit:      CURL_VERSION_ASYNCHDNS
LogInit:      CURL_VERSION_LARGEFILE
LogInit:      CURL_VERSION_IDN
LogInit:  CurlRequestOptions (configurable via config and command line):
LogInit:  - bVerifyPeer = true  - Libcurl will verify peer certificate
LogInit:  - bUseHttpProxy = false  - Libcurl will NOT use HTTP proxy
LogInit:  - bDontReuseConnections = false  - Libcurl will reuse connections
LogInit:  - MaxHostConnections = 16  - Libcurl will limit the number of connections to a host
LogInit:  - LocalHostAddr = Default
LogInit:  - BufferSize = 65536
LogOnline: OSS: Creating online subsystem instance for: NULL
LogInit: WinSock: version 1.1 (2.2), MaxSocks=32767, MaxUdp=65467
LogOnline: OSS: TryLoadSubsystemAndSetDefault: Loaded subsystem for module [NULL]
LogInit: Build: ++UE4+Release-4.25-CL-13942748
LogInit: Engine Version: 4.25.3-13942748+++UE4+Release-4.25
LogInit: Compatible Engine Version: 4.25.0-13144385+++UE4+Release-4.25
LogInit: Net CL: 13144385
LogInit: OS: Windows 10 (Release 1903) (), CPU:         Intel(R) Core(TM) i5-3330 CPU @ 3.00GHz, GPU: NVIDIA GeForce GTX 650 Ti BOOST
LogInit: Compiled (64-bit): Jul 25 2020 02:07:48
LogInit: Compiled with Visual C++: 19.24.28315.00
LogInit: Build Configuration: Development
LogInit: Branch Name: ++UE4+Release-4.25
LogInit: Command Line: 
LogInit: Base Directory: C:/Program Files/Epic Games/UE_4.25/Engine/Binaries/Win64/
LogInit: Allocator: TBB
LogInit: Installed Engine Build: 1
LogDevObjectVersion: Number of dev versions registered: 26
LogDevObjectVersion:   Dev-Blueprints (B0D832E4-1F89-4F0D-ACCF-7EB736FD4AA2): 10
LogDevObjectVersion:   Dev-Build (E1C64328-A22C-4D53-A36C-8E866417BD8C): 0
LogDevObjectVersion:   Dev-Core (375EC13C-06E4-48FB-B500-84F0262A717E): 4
LogDevObjectVersion:   Dev-Editor (E4B068ED-F494-42E9-A231-DA0B2E46BB41): 38
LogDevObjectVersion:   Dev-Framework (CFFC743F-43B0-4480-9391-14DF171D2073): 37
LogDevObjectVersion:   Dev-Mobile (B02B49B5-BB20-44E9-A304-32B752E40360): 2
LogDevObjectVersion:   Dev-Networking (A4E4105C-59A1-49B5-A7C5-40C4547EDFEE): 0
LogDevObjectVersion:   Dev-Online (39C831C9-5AE6-47DC-9A44-9C173E1C8E7C): 0
LogDevObjectVersion:   Dev-Physics (78F01B33-EBEA-4F98-B9B4-84EACCB95AA2): 4
LogDevObjectVersion:   Dev-Platform (6631380F-2D4D-43E0-8009-CF276956A95A): 0
LogDevObjectVersion:   Dev-Rendering (12F88B9F-8875-4AFC-A67C-D90C383ABD29): 43
LogDevObjectVersion:   Dev-Sequencer (7B5AE74C-D270-4C10-A958-57980B212A5A): 12
LogDevObjectVersion:   Dev-VR (D7296918-1DD6-4BDD-9DE2-64A83CC13884): 3
LogDevObjectVersion:   Dev-LoadTimes (C2A15278-BFE7-4AFE-6C17-90FF531DF755): 1
LogDevObjectVersion:   Private-Geometry (6EACA3D4-40EC-4CC1-B786-8BED09428FC5): 3
LogDevObjectVersion:   Dev-AnimPhys (29E575DD-E0A3-4627-9D10-D276232CDCEA): 17
LogDevObjectVersion:   Dev-Anim (AF43A65D-7FD3-4947-9873-3E8ED9C1BB05): 7
LogDevObjectVersion:   Dev-ReflectionCapture (6B266CEC-1EC7-4B8F-A30B-E4D90942FC07): 1
LogDevObjectVersion:   Dev-Automation (0DF73D61-A23F-47EA-B727-89E90C41499A): 1
LogDevObjectVersion:   FortniteMain (601D1886-AC64-4F84-AA16-D3DE0DEAC7D6): 31
LogDevObjectVersion:   Dev-Enterprise (9DFFBCD6-494F-0158-E221-12823C92A888): 10
LogDevObjectVersion:   Dev-Niagara (F2AED0AC-9AFE-416F-8664-AA7FFA26D6FC): 1
LogDevObjectVersion:   Dev-Destruction (174F1F0B-B4C6-45A5-B13F-2EE8D0FB917D): 10
LogDevObjectVersion:   Dev-Physics-Ext (35F94A83-E258-406C-A318-09F59610247C): 37
LogDevObjectVersion:   Dev-PhysicsMaterial-Chaos (B68FC16E-8B1B-42E2-B453-215C058844FE): 1
LogDevObjectVersion:   Dev-CineCamera (B2E18506-4273-CFC2-A54E-F4BB758BBA07): 1
LogInit: Presizing for max 25165824 objects, including 0 objects not considered by GC, pre-allocating 0 bytes for permanent pool.
LogConfig: Applying CVar settings from Section [/Script/Engine.StreamingSettings] File [C:/Users/geras/Downloads/UE4AutotestLecture-master/ActionRPG/Saved/Config/Windows/Engine.ini]
LogConfig: Setting CVar [[s.MinBulkDataSizeForAsyncLoading:131072]]
LogConfig: Setting CVar [[s.AsyncLoadingThreadEnabled:0]]
LogConfig: Setting CVar [[s.EventDrivenLoaderEnabled:1]]
LogConfig: Setting CVar [[s.WarnIfTimeLimitExceeded:0]]
LogConfig: Setting CVar [[s.TimeLimitExceededMultiplier:1.5]]
LogConfig: Setting CVar [[s.TimeLimitExceededMinTime:0.005]]
LogConfig: Setting CVar [[s.UseBackgroundLevelStreaming:1]]
LogConfig: Setting CVar [[s.PriorityAsyncLoadingExtraTime:15.0]]
LogConfig: Setting CVar [[s.LevelStreamingActorsUpdateTimeLimit:5.0]]
LogConfig: Setting CVar [[s.PriorityLevelStreamingActorsUpdateExtraTime:5.0]]
LogConfig: Setting CVar [[s.LevelStreamingComponentsRegistrationGranularity:10]]
LogConfig: Setting CVar [[s.UnregisterComponentsTimeLimit:1.0]]
LogConfig: Setting CVar [[s.LevelStreamingComponentsUnregistrationGranularity:5]]
LogConfig: Setting CVar [[s.FlushStreamingOnExit:1]]
LogInit: Object subsystem initialized
LogConfig: Setting CVar [[con.DebugEarlyDefault:1]]
LogConfig: Setting CVar [[r.setres:1280x720]]
[2020.10.18-21.54.03:520][  0]LogConfig: Setting CVar [[r.VSync:0]]
[2020.10.18-21.54.03:521][  0]LogConfig: Setting CVar [[r.RHICmdBypass:0]]
[2020.10.18-21.54.03:527][  0]LogConfig: Applying CVar settings from Section [/Script/Engine.RendererSettings] File [C:/Users/geras/Downloads/UE4AutotestLecture-master/ActionRPG/Saved/Config/Windows/Engine.ini]
[2020.10.18-21.54.03:527][  0]LogConfig: Setting CVar [[r.GPUCrashDebugging:0]]
[2020.10.18-21.54.03:527][  0]LogConfig: Setting CVar [[r.Mobile.TonemapperFilm:1]]
[2020.10.18-21.54.03:527][  0]LogConfig: Setting CVar [[r.MobileHDR:1]]
[2020.10.18-21.54.03:527][  0]LogConfig: Setting CVar [[r.AllowOcclusionQueries:1]]
[2020.10.18-21.54.03:527][  0]LogConfig: Setting CVar [[r.MinScreenRadiusForLights:0.030000]]
[2020.10.18-21.54.03:528][  0]LogConfig: Setting CVar [[r.MinScreenRadiusForDepthPrepass:0.030000]]
[2020.10.18-21.54.03:528][  0]LogConfig: Setting CVar [[r.PrecomputedVisibilityWarning:0]]
[2020.10.18-21.54.03:528][  0]LogConfig: Setting CVar [[r.TextureStreaming:1]]
[2020.10.18-21.54.03:528][  0]LogConfig: Setting CVar [[Compat.UseDXT5NormalMaps:0]]
[2020.10.18-21.54.03:528][  0]LogConfig: Setting CVar [[r.AllowStaticLighting:1]]
[2020.10.18-21.54.03:528][  0]LogConfig: Setting CVar [[r.NormalMapsForStaticLighting:0]]
[2020.10.18-21.54.03:528][  0]LogConfig: Setting CVar [[r.GenerateMeshDistanceFields:0]]
[2020.10.18-21.54.03:528][  0]LogConfig: Setting CVar [[r.TessellationAdaptivePixelsPerTriangle:48.000000]]
[2020.10.18-21.54.03:528][  0]LogConfig: Setting CVar [[r.SeparateTranslucency:0]]
[2020.10.18-21.54.03:528][  0]LogConfig: Setting CVar [[r.TranslucentSortPolicy:0]]
[2020.10.18-21.54.03:528][  0]LogConfig: Setting CVar [[r.CustomDepth:1]]
[2020.10.18-21.54.03:528][  0]LogConfig: Setting CVar [[r.DefaultFeature.Bloom:1]]
[2020.10.18-21.54.03:528][  0]LogConfig: Setting CVar [[r.DefaultFeature.AmbientOcclusion:0]]
[2020.10.18-21.54.03:528][  0]LogConfig: Setting CVar [[r.DefaultFeature.AmbientOcclusionStaticFraction:1]]
[2020.10.18-21.54.03:528][  0]LogConfig: Setting CVar [[r.DefaultFeature.AutoExposure:0]]
[2020.10.18-21.54.03:528][  0]LogConfig: Setting CVar [[r.DefaultFeature.MotionBlur:0]]
[2020.10.18-21.54.03:528][  0]LogConfig: Setting CVar [[r.DefaultFeature.LensFlare:0]]
[2020.10.18-21.54.03:529][  0]LogConfig: Setting CVar [[r.DefaultFeature.AntiAliasing:2]]
[2020.10.18-21.54.03:529][  0]LogConfig: Setting CVar [[r.EarlyZPass:3]]
[2020.10.18-21.54.03:529][  0]LogConfig: Setting CVar [[r.DBuffer:0]]
[2020.10.18-21.54.03:529][  0]LogConfig: Setting CVar [[r.ClearSceneMethod:1]]
[2020.10.18-21.54.03:529][  0]LogConfig: Setting CVar [[r.WireframeCullThreshold:5.000000]]
[2020.10.18-21.54.03:529][  0]LogConfig: Setting CVar [[r.MobileMSAA:2]]
[2020.10.18-21.54.03:529][  0]LogConfig: Setting CVar [[r.ReflectionCaptureResolution:64]]
[2020.10.18-21.54.03:529][  0]LogConfig: Setting CVar [[r.Mobile.DisableVertexFog:0]]
[2020.10.18-21.54.03:529][  0]LogConfig: Setting CVar [[r.ReflectionEnvironmentLightmapMixBasedOnRoughness:0]]
[2020.10.18-21.54.03:529][  0]LogConfig: Setting CVar [[r.Mobile.UseLegacyShadingModel:0]]
[2020.10.18-21.54.03:529][  0]LogConfig: Setting CVar [[r.ShaderPipelineCache.Enabled:1]]
[2020.10.18-21.54.03:529][  0]LogConfig: Setting CVar [[r.Mobile.AllowDitheredLODTransition:1]]
[2020.10.18-21.54.03:529][  0]LogConfig: Applying CVar settings from Section [/Script/Engine.RendererOverrideSettings] File [C:/Users/geras/Downloads/UE4AutotestLecture-master/ActionRPG/Saved/Config/Windows/Engine.ini]
[2020.10.18-21.54.03:529][  0]LogConfig: Applying CVar settings from Section [/Script/Engine.StreamingSettings] File [C:/Users/geras/Downloads/UE4AutotestLecture-master/ActionRPG/Saved/Config/Windows/Engine.ini]
[2020.10.18-21.54.03:529][  0]LogConfig: Setting CVar [[s.MinBulkDataSizeForAsyncLoading:131072]]
[2020.10.18-21.54.03:530][  0]LogConfig: Setting CVar [[s.AsyncLoadingThreadEnabled:0]]
[2020.10.18-21.54.03:530][  0]LogConfig: Setting CVar [[s.EventDrivenLoaderEnabled:1]]
[2020.10.18-21.54.03:530][  0]LogConfig: Setting CVar [[s.WarnIfTimeLimitExceeded:0]]
[2020.10.18-21.54.03:530][  0]LogConfig: Setting CVar [[s.TimeLimitExceededMultiplier:1.5]]
[2020.10.18-21.54.03:530][  0]LogConfig: Setting CVar [[s.TimeLimitExceededMinTime:0.005]]
[2020.10.18-21.54.03:530][  0]LogConfig: Setting CVar [[s.UseBackgroundLevelStreaming:1]]
[2020.10.18-21.54.03:530][  0]LogConfig: Setting CVar [[s.PriorityAsyncLoadingExtraTime:15.0]]
[2020.10.18-21.54.03:530][  0]LogConfig: Setting CVar [[s.LevelStreamingActorsUpdateTimeLimit:5.0]]
[2020.10.18-21.54.03:530][  0]LogConfig: Setting CVar [[s.PriorityLevelStreamingActorsUpdateExtraTime:5.0]]
[2020.10.18-21.54.03:530][  0]LogConfig: Setting CVar [[s.LevelStreamingComponentsRegistrationGranularity:10]]
[2020.10.18-21.54.03:530][  0]LogConfig: Setting CVar [[s.UnregisterComponentsTimeLimit:1.0]]
[2020.10.18-21.54.03:530][  0]LogConfig: Setting CVar [[s.LevelStreamingComponentsUnregistrationGranularity:5]]
[2020.10.18-21.54.03:530][  0]LogConfig: Setting CVar [[s.FlushStreamingOnExit:1]]
[2020.10.18-21.54.03:530][  0]LogConfig: Applying CVar settings from Section [/Script/Engine.GarbageCollectionSettings] File [C:/Users/geras/Downloads/UE4AutotestLecture-master/ActionRPG/Saved/Config/Windows/Engine.ini]
[2020.10.18-21.54.03:530][  0]LogConfig: Setting CVar [[gc.MaxObjectsNotConsideredByGC:1]]
[2020.10.18-21.54.03:530][  0]LogConfig: Setting CVar [[gc.SizeOfPermanentObjectPool:0]]
[2020.10.18-21.54.03:530][  0]LogConfig: Setting CVar [[gc.FlushStreamingOnGC:0]]
[2020.10.18-21.54.03:530][  0]LogConfig: Setting CVar [[gc.NumRetriesBeforeForcingGC:10]]
[2020.10.18-21.54.03:531][  0]LogConfig: Setting CVar [[gc.AllowParallelGC:1]]
[2020.10.18-21.54.03:531][  0]LogConfig: Setting CVar [[gc.TimeBetweenPurgingPendingKillObjects:61.1]]
[2020.10.18-21.54.03:531][  0]LogConfig: Setting CVar [[gc.MaxObjectsInEditor:25165824]]
[2020.10.18-21.54.03:531][  0]LogConfig: Setting CVar [[gc.IncrementalBeginDestroyEnabled:1]]
[2020.10.18-21.54.03:531][  0]LogConfig: Setting CVar [[gc.CreateGCClusters:1]]
[2020.10.18-21.54.03:531][  0]LogConfig: Setting CVar [[gc.MinGCClusterSize:5]]
[2020.10.18-21.54.03:531][  0]LogConfig: Setting CVar [[gc.ActorClusteringEnabled:0]]
[2020.10.18-21.54.03:531][  0]LogConfig: Setting CVar [[gc.BlueprintClusteringEnabled:0]]
[2020.10.18-21.54.03:531][  0]LogConfig: Setting CVar [[gc.UseDisregardForGCOnDedicatedServers:0]]
[2020.10.18-21.54.03:531][  0]LogConfig: Applying CVar settings from Section [/Script/Engine.NetworkSettings] File [C:/Users/geras/Downloads/UE4AutotestLecture-master/ActionRPG/Saved/Config/Windows/Engine.ini]
[2020.10.18-21.54.03:531][  0]LogConfig: Applying CVar settings from Section [/Script/UnrealEd.CookerSettings] File [C:/Users/geras/Downloads/UE4AutotestLecture-master/ActionRPG/Saved/Config/Windows/Engine.ini]
[2020.10.18-21.54.03:545][  0]LogConfig: Applying CVar settings from Section [ViewDistanceQuality@3] File [C:/Users/geras/Downloads/UE4AutotestLecture-master/ActionRPG/Saved/Config/Windows/Scalability.ini]
[2020.10.18-21.54.03:546][  0]LogConfig: Setting CVar [[r.SkeletalMeshLODBias:0]]
[2020.10.18-21.54.03:546][  0]LogConfig: Setting CVar [[r.ViewDistanceScale:1.0]]
[2020.10.18-21.54.03:546][  0]LogConfig: Applying CVar settings from Section [AntiAliasingQuality@3] File [C:/Users/geras/Downloads/UE4AutotestLecture-master/ActionRPG/Saved/Config/Windows/Scalability.ini]
[2020.10.18-21.54.03:546][  0]LogConfig: Setting CVar [[r.PostProcessAAQuality:4]]
[2020.10.18-21.54.03:546][  0]LogConfig: Applying CVar settings from Section [ShadowQuality@3] File [C:/Users/geras/Downloads/UE4AutotestLecture-master/ActionRPG/Saved/Config/Windows/Scalability.ini]
[2020.10.18-21.54.03:546][  0]LogConfig: Setting CVar [[r.LightFunctionQuality:1]]
[2020.10.18-21.54.03:546][  0]LogConfig: Setting CVar [[r.ShadowQuality:5]]
[2020.10.18-21.54.03:546][  0]LogConfig: Setting CVar [[r.Shadow.CSM.MaxCascades:10]]
[2020.10.18-21.54.03:546][  0]LogConfig: Setting CVar [[r.Shadow.MaxResolution:2048]]
[2020.10.18-21.54.03:546][  0]LogConfig: Setting CVar [[r.Shadow.MaxCSMResolution:2048]]
[2020.10.18-21.54.03:546][  0]LogConfig: Setting CVar [[r.Shadow.RadiusThreshold:0.01]]
[2020.10.18-21.54.03:546][  0]LogConfig: Setting CVar [[r.Shadow.DistanceScale:1.0]]
[2020.10.18-21.54.03:546][  0]LogConfig: Setting CVar [[r.Shadow.CSM.TransitionScale:1.0]]
[2020.10.18-21.54.03:546][  0]LogConfig: Setting CVar [[r.Shadow.PreShadowResolutionFactor:1.0]]
[2020.10.18-21.54.03:546][  0]LogConfig: Setting CVar [[r.DistanceFieldShadowing:1]]
[2020.10.18-21.54.03:546][  0]LogConfig: Setting CVar [[r.DistanceFieldAO:1]]
[2020.10.18-21.54.03:546][  0]LogConfig: Setting CVar [[r.AOQuality:2]]
[2020.10.18-21.54.03:546][  0]LogConfig: Setting CVar [[r.VolumetricFog:1]]
[2020.10.18-21.54.03:546][  0]LogConfig: Setting CVar [[r.VolumetricFog.GridPixelSize:8]]
[2020.10.18-21.54.03:547][  0]LogConfig: Setting CVar [[r.VolumetricFog.GridSizeZ:128]]
[2020.10.18-21.54.03:547][  0]LogConfig: Setting CVar [[r.VolumetricFog.HistoryMissSupersampleCount:4]]
[2020.10.18-21.54.03:547][  0]LogConfig: Setting CVar [[r.LightMaxDrawDistanceScale:1]]
[2020.10.18-21.54.03:547][  0]LogConfig: Setting CVar [[r.CapsuleShadows:1]]
[2020.10.18-21.54.03:547][  0]LogConfig: Applying CVar settings from Section [PostProcessQuality@3] File [C:/Users/geras/Downloads/UE4AutotestLecture-master/ActionRPG/Saved/Config/Windows/Scalability.ini]
[2020.10.18-21.54.03:547][  0]LogConfig: Setting CVar [[r.MotionBlurQuality:4]]
[2020.10.18-21.54.03:547][  0]LogConfig: Setting CVar [[r.AmbientOcclusionMipLevelFactor:0.4]]
[2020.10.18-21.54.03:547][  0]LogConfig: Setting CVar [[r.AmbientOcclusionMaxQuality:100]]
[2020.10.18-21.54.03:547][  0]LogConfig: Setting CVar [[r.AmbientOcclusionLevels:-1]]
[2020.10.18-21.54.03:547][  0]LogConfig: Setting CVar [[r.AmbientOcclusionRadiusScale:1.0]]
[2020.10.18-21.54.03:547][  0]LogConfig: Setting CVar [[r.DepthOfFieldQuality:2]]
[2020.10.18-21.54.03:547][  0]LogConfig: Setting CVar [[r.RenderTargetPoolMin:400]]
[2020.10.18-21.54.03:547][  0]LogConfig: Setting CVar [[r.LensFlareQuality:2]]
[2020.10.18-21.54.03:547][  0]LogConfig: Setting CVar [[r.SceneColorFringeQuality:1]]
[2020.10.18-21.54.03:547][  0]LogConfig: Setting CVar [[r.EyeAdaptationQuality:2]]
[2020.10.18-21.54.03:547][  0]LogConfig: Setting CVar [[r.BloomQuality:5]]
[2020.10.18-21.54.03:547][  0]LogConfig: Setting CVar [[r.FastBlurThreshold:100]]
[2020.10.18-21.54.03:547][  0]LogConfig: Setting CVar [[r.Upscale.Quality:3]]
[2020.10.18-21.54.03:547][  0]LogConfig: Setting CVar [[r.Tonemapper.GrainQuantization:1]]
[2020.10.18-21.54.03:547][  0]LogConfig: Setting CVar [[r.LightShaftQuality:1]]
[2020.10.18-21.54.03:547][  0]LogConfig: Setting CVar [[r.Filter.SizeScale:1]]
[2020.10.18-21.54.03:547][  0]LogConfig: Setting CVar [[r.Tonemapper.Quality:5]]
[2020.10.18-21.54.03:548][  0]LogConfig: Setting CVar [[r.DOF.Gather.AccumulatorQuality:1        ; higher gathering accumulator quality]]
[2020.10.18-21.54.03:548][  0]LogConfig: Setting CVar [[r.DOF.Gather.PostfilterMethod:1          ; Median3x3 postfilering method]]
[2020.10.18-21.54.03:548][  0]LogConfig: Setting CVar [[r.DOF.Gather.EnableBokehSettings:0       ; no bokeh simulation when gathering]]
[2020.10.18-21.54.03:548][  0]LogConfig: Setting CVar [[r.DOF.Gather.RingCount:4                 ; medium number of samples when gathering]]
[2020.10.18-21.54.03:548][  0]LogConfig: Setting CVar [[r.DOF.Scatter.ForegroundCompositing:1    ; additive foreground scattering]]
[2020.10.18-21.54.03:548][  0]LogConfig: Setting CVar [[r.DOF.Scatter.BackgroundCompositing:2    ; additive background scattering]]
[2020.10.18-21.54.03:548][  0]LogConfig: Setting CVar [[r.DOF.Scatter.EnableBokehSettings:1      ; bokeh simulation when scattering]]
[2020.10.18-21.54.03:548][  0]LogConfig: Setting CVar [[r.DOF.Scatter.MaxSpriteRatio:0.1         ; only a maximum of 10% of scattered bokeh]]
[2020.10.18-21.54.03:548][  0]LogConfig: Setting CVar [[r.DOF.Recombine.Quality:1                ; cheap slight out of focus]]
[2020.10.18-21.54.03:548][  0]LogConfig: Setting CVar [[r.DOF.Recombine.EnableBokehSettings:0    ; no bokeh simulation on slight out of focus]]
[2020.10.18-21.54.03:548][  0]LogConfig: Setting CVar [[r.DOF.TemporalAAQuality:1                ; more stable temporal accumulation]]
[2020.10.18-21.54.03:548][  0]LogConfig: Setting CVar [[r.DOF.Kernel.MaxForegroundRadius:0.025]]
[2020.10.18-21.54.03:548][  0]LogConfig: Setting CVar [[r.DOF.Kernel.MaxBackgroundRadius:0.025]]
[2020.10.18-21.54.03:548][  0]LogConfig: Applying CVar settings from Section [TextureQuality@3] File [C:/Users/geras/Downloads/UE4AutotestLecture-master/ActionRPG/Saved/Config/Windows/Scalability.ini]
[2020.10.18-21.54.03:548][  0]LogConfig: Setting CVar [[r.Streaming.MipBias:0]]
[2020.10.18-21.54.03:548][  0]LogConfig: Setting CVar [[r.Streaming.AmortizeCPUToGPUCopy:0]]
[2020.10.18-21.54.03:548][  0]LogConfig: Setting CVar [[r.Streaming.MaxNumTexturesToStreamPerFrame:0]]
[2020.10.18-21.54.03:548][  0]LogConfig: Setting CVar [[r.Streaming.Boost:1]]
[2020.10.18-21.54.03:548][  0]LogConfig: Setting CVar [[r.MaxAnisotropy:8]]
[2020.10.18-21.54.03:548][  0]LogConfig: Setting CVar [[r.VT.MaxAnisotropy:8]]
[2020.10.18-21.54.03:548][  0]LogConfig: Setting CVar [[r.Streaming.LimitPoolSizeToVRAM:0]]
[2020.10.18-21.54.03:548][  0]LogConfig: Setting CVar [[r.Streaming.PoolSize:1000]]
[2020.10.18-21.54.03:549][  0]LogConfig: Setting CVar [[r.Streaming.MaxEffectiveScreenSize:0]]
[2020.10.18-21.54.03:549][  0]LogConfig: Applying CVar settings from Section [EffectsQuality@3] File [C:/Users/geras/Downloads/UE4AutotestLecture-master/ActionRPG/Saved/Config/Windows/Scalability.ini]
[2020.10.18-21.54.03:549][  0]LogConfig: Setting CVar [[r.TranslucencyLightingVolumeDim:64]]
[2020.10.18-21.54.03:549][  0]LogConfig: Setting CVar [[r.RefractionQuality:2]]
[2020.10.18-21.54.03:549][  0]LogConfig: Setting CVar [[r.SSR.Quality:3]]
[2020.10.18-21.54.03:549][  0]LogConfig: Setting CVar [[r.SSR.HalfResSceneColor:0]]
[2020.10.18-21.54.03:549][  0]LogConfig: Setting CVar [[r.SceneColorFormat:4]]
[2020.10.18-21.54.03:549][  0]LogConfig: Setting CVar [[r.DetailMode:2]]
[2020.10.18-21.54.03:549][  0]LogConfig: Setting CVar [[r.TranslucencyVolumeBlur:1]]
[2020.10.18-21.54.03:549][  0]LogConfig: Setting CVar [[r.MaterialQualityLevel:1 ; High quality]]
[2020.10.18-21.54.03:549][  0]LogConfig: Setting CVar [[r.SSS.Scale:1]]
[2020.10.18-21.54.03:549][  0]LogConfig: Setting CVar [[r.SSS.SampleSet:2]]
[2020.10.18-21.54.03:549][  0]LogConfig: Setting CVar [[r.SSS.Quality:1]]
[2020.10.18-21.54.03:549][  0]LogConfig: Setting CVar [[r.SSS.HalfRes:0]]
[2020.10.18-21.54.03:549][  0]LogConfig: Setting CVar [[r.SSGI.Quality:3]]
[2020.10.18-21.54.03:549][  0]LogConfig: Setting CVar [[r.EmitterSpawnRateScale:1.0]]
[2020.10.18-21.54.03:549][  0]LogConfig: Setting CVar [[r.ParticleLightQuality:2]]
[2020.10.18-21.54.03:549][  0]LogConfig: Setting CVar [[r.SkyAtmosphere.AerialPerspectiveLUT.FastApplyOnOpaque:1 ; Always have FastSkyLUT 1 in this case to avoid wrong sky]]
[2020.10.18-21.54.03:549][  0]LogConfig: Setting CVar [[r.SkyAtmosphere.AerialPerspectiveLUT.SampleCountPerSlice:1]]
[2020.10.18-21.54.03:549][  0]LogConfig: Setting CVar [[r.SkyAtmosphere.AerialPerspectiveLUT.DepthResolution:16.0]]
[2020.10.18-21.54.03:549][  0]LogConfig: Setting CVar [[r.SkyAtmosphere.FastSkyLUT:1]]
[2020.10.18-21.54.03:549][  0]LogConfig: Setting CVar [[r.SkyAtmosphere.FastSkyLUT.SampleCountMin:4.0]]
[2020.10.18-21.54.03:550][  0]LogConfig: Setting CVar [[r.SkyAtmosphere.FastSkyLUT.SampleCountMax:32.0]]
[2020.10.18-21.54.03:550][  0]LogConfig: Setting CVar [[r.SkyAtmosphere.SampleCountMin:4.0]]
[2020.10.18-21.54.03:550][  0]LogConfig: Setting CVar [[r.SkyAtmosphere.SampleCountMax:32.0]]
[2020.10.18-21.54.03:550][  0]LogConfig: Setting CVar [[r.SkyAtmosphere.TransmittanceLUT.UseSmallFormat:0]]
[2020.10.18-21.54.03:550][  0]LogConfig: Setting CVar [[r.SkyAtmosphere.TransmittanceLUT.SampleCount:10.0]]
[2020.10.18-21.54.03:550][  0]LogConfig: Setting CVar [[r.SkyAtmosphere.MultiScatteringLUT.SampleCount:15.0]]
[2020.10.18-21.54.03:550][  0]LogConfig: Applying CVar settings from Section [FoliageQuality@3] File [C:/Users/geras/Downloads/UE4AutotestLecture-master/ActionRPG/Saved/Config/Windows/Scalability.ini]
[2020.10.18-21.54.03:550][  0]LogConfig: Setting CVar [[foliage.DensityScale:1.0]]
[2020.10.18-21.54.03:550][  0]LogConfig: Setting CVar [[grass.DensityScale:1.0]]
[2020.10.18-21.54.03:550][  0]LogConfig: Applying CVar settings from Section [ShadingQuality@3] File [C:/Users/geras/Downloads/UE4AutotestLecture-master/ActionRPG/Saved/Config/Windows/Scalability.ini]
[2020.10.18-21.54.03:550][  0]LogConfig: Setting CVar [[r.HairStrands.SkyLighting.SampleCount:16]]
[2020.10.18-21.54.03:550][  0]LogConfig: Setting CVar [[r.HairStrands.SkyLighting.JitterIntegration:0]]
[2020.10.18-21.54.03:550][  0]LogConfig: Setting CVar [[r.HairStrands.SkyAO.SampleCount:16]]
[2020.10.18-21.54.03:550][  0]LogConfig: Setting CVar [[r.HairStrands.DeepShadow.SuperSampling:0]]
[2020.10.18-21.54.03:550][  0]LogConfig: Setting CVar [[r.HairStrands.VisibilityPPLL:0]]
[2020.10.18-21.54.03:550][  0]LogConfig: Setting CVar [[r.HairStrands.RasterizationScale:0.5]]
[2020.10.18-21.54.03:550][  0]LogConfig: Setting CVar [[r.HairStrands.VelocityRasterizationScale:1]]
[2020.10.18-21.54.03:550][  0]LogInit: Selected Device Profile: [Windows]
[2020.10.18-21.54.03:550][  0]LogInit: Applying CVar settings loaded from the selected device profile: [Windows]
[2020.10.18-21.54.03:551][  0]LogHAL: Display: Platform has ~ 8 GB [8541863936 / 8589934592 / 8], which maps to Default [LargestMinGB=32, LargerMinGB=12, DefaultMinGB=8, SmallerMinGB=6, SmallestMinGB=0)
[2020.10.18-21.54.03:551][  0]LogInit: Going up to parent DeviceProfile []
[2020.10.18-21.54.03:551][  0]LogConfig: Applying CVar settings from Section [ViewDistanceQuality@3] File [C:/Users/geras/Downloads/UE4AutotestLecture-master/ActionRPG/Saved/Config/Windows/Scalability.ini]
[2020.10.18-21.54.03:551][  0]LogConfig: Setting CVar [[r.SkeletalMeshLODBias:0]]
[2020.10.18-21.54.03:551][  0]LogConfig: Setting CVar [[r.ViewDistanceScale:1.0]]
[2020.10.18-21.54.03:551][  0]LogConfig: Applying CVar settings from Section [AntiAliasingQuality@3] File [C:/Users/geras/Downloads/UE4AutotestLecture-master/ActionRPG/Saved/Config/Windows/Scalability.ini]
[2020.10.18-21.54.03:551][  0]LogConfig: Setting CVar [[r.PostProcessAAQuality:4]]
[2020.10.18-21.54.03:551][  0]LogConfig: Applying CVar settings from Section [ShadowQuality@3] File [C:/Users/geras/Downloads/UE4AutotestLecture-master/ActionRPG/Saved/Config/Windows/Scalability.ini]
[2020.10.18-21.54.03:551][  0]LogConfig: Setting CVar [[r.LightFunctionQuality:1]]
[2020.10.18-21.54.03:551][  0]LogConfig: Setting CVar [[r.ShadowQuality:5]]
[2020.10.18-21.54.03:551][  0]LogConfig: Setting CVar [[r.Shadow.CSM.MaxCascades:10]]
[2020.10.18-21.54.03:551][  0]LogConfig: Setting CVar [[r.Shadow.MaxResolution:2048]]
[2020.10.18-21.54.03:551][  0]LogConfig: Setting CVar [[r.Shadow.MaxCSMResolution:2048]]
[2020.10.18-21.54.03:551][  0]LogConfig: Setting CVar [[r.Shadow.RadiusThreshold:0.01]]
[2020.10.18-21.54.03:551][  0]LogConfig: Setting CVar [[r.Shadow.DistanceScale:1.0]]
[2020.10.18-21.54.03:551][  0]LogConfig: Setting CVar [[r.Shadow.CSM.TransitionScale:1.0]]
[2020.10.18-21.54.03:551][  0]LogConfig: Setting CVar [[r.Shadow.PreShadowResolutionFactor:1.0]]
[2020.10.18-21.54.03:551][  0]LogConfig: Setting CVar [[r.DistanceFieldShadowing:1]]
[2020.10.18-21.54.03:552][  0]LogConfig: Setting CVar [[r.DistanceFieldAO:1]]
[2020.10.18-21.54.03:552][  0]LogConfig: Setting CVar [[r.AOQuality:2]]
[2020.10.18-21.54.03:552][  0]LogConfig: Setting CVar [[r.VolumetricFog:1]]
[2020.10.18-21.54.03:552][  0]LogConfig: Setting CVar [[r.VolumetricFog.GridPixelSize:8]]
[2020.10.18-21.54.03:552][  0]LogConfig: Setting CVar [[r.VolumetricFog.GridSizeZ:128]]
[2020.10.18-21.54.03:552][  0]LogConfig: Setting CVar [[r.VolumetricFog.HistoryMissSupersampleCount:4]]
[2020.10.18-21.54.03:552][  0]LogConfig: Setting CVar [[r.LightMaxDrawDistanceScale:1]]
[2020.10.18-21.54.03:552][  0]LogConfig: Setting CVar [[r.CapsuleShadows:1]]
[2020.10.18-21.54.03:552][  0]LogConfig: Applying CVar settings from Section [PostProcessQuality@3] File [C:/Users/geras/Downloads/UE4AutotestLecture-master/ActionRPG/Saved/Config/Windows/Scalability.ini]
[2020.10.18-21.54.03:552][  0]LogConfig: Setting CVar [[r.MotionBlurQuality:4]]
[2020.10.18-21.54.03:552][  0]LogConfig: Setting CVar [[r.AmbientOcclusionMipLevelFactor:0.4]]
[2020.10.18-21.54.03:552][  0]LogConfig: Setting CVar [[r.AmbientOcclusionMaxQuality:100]]
[2020.10.18-21.54.03:552][  0]LogConfig: Setting CVar [[r.AmbientOcclusionLevels:-1]]
[2020.10.18-21.54.03:552][  0]LogConfig: Setting CVar [[r.AmbientOcclusionRadiusScale:1.0]]
[2020.10.18-21.54.03:552][  0]LogConfig: Setting CVar [[r.DepthOfFieldQuality:2]]
[2020.10.18-21.54.03:552][  0]LogConfig: Setting CVar [[r.RenderTargetPoolMin:400]]
[2020.10.18-21.54.03:552][  0]LogConfig: Setting CVar [[r.LensFlareQuality:2]]
[2020.10.18-21.54.03:552][  0]LogConfig: Setting CVar [[r.SceneColorFringeQuality:1]]
[2020.10.18-21.54.03:552][  0]LogConfig: Setting CVar [[r.EyeAdaptationQuality:2]]
[2020.10.18-21.54.03:552][  0]LogConfig: Setting CVar [[r.BloomQuality:5]]
[2020.10.18-21.54.03:552][  0]LogConfig: Setting CVar [[r.FastBlurThreshold:100]]
[2020.10.18-21.54.03:552][  0]LogConfig: Setting CVar [[r.Upscale.Quality:3]]
[2020.10.18-21.54.03:553][  0]LogConfig: Setting CVar [[r.Tonemapper.GrainQuantization:1]]
[2020.10.18-21.54.03:553][  0]LogConfig: Setting CVar [[r.LightShaftQuality:1]]
[2020.10.18-21.54.03:553][  0]LogConfig: Setting CVar [[r.Filter.SizeScale:1]]
[2020.10.18-21.54.03:553][  0]LogConfig: Setting CVar [[r.Tonemapper.Quality:5]]
[2020.10.18-21.54.03:553][  0]LogConfig: Setting CVar [[r.DOF.Gather.AccumulatorQuality:1        ; higher gathering accumulator quality]]
[2020.10.18-21.54.03:553][  0]LogConfig: Setting CVar [[r.DOF.Gather.PostfilterMethod:1          ; Median3x3 postfilering method]]
[2020.10.18-21.54.03:553][  0]LogConfig: Setting CVar [[r.DOF.Gather.EnableBokehSettings:0       ; no bokeh simulation when gathering]]
[2020.10.18-21.54.03:553][  0]LogConfig: Setting CVar [[r.DOF.Gather.RingCount:4                 ; medium number of samples when gathering]]
[2020.10.18-21.54.03:553][  0]LogConfig: Setting CVar [[r.DOF.Scatter.ForegroundCompositing:1    ; additive foreground scattering]]
[2020.10.18-21.54.03:553][  0]LogConfig: Setting CVar [[r.DOF.Scatter.BackgroundCompositing:2    ; additive background scattering]]
[2020.10.18-21.54.03:553][  0]LogConfig: Setting CVar [[r.DOF.Scatter.EnableBokehSettings:1      ; bokeh simulation when scattering]]
[2020.10.18-21.54.03:553][  0]LogConfig: Setting CVar [[r.DOF.Scatter.MaxSpriteRatio:0.1         ; only a maximum of 10% of scattered bokeh]]
[2020.10.18-21.54.03:553][  0]LogConfig: Setting CVar [[r.DOF.Recombine.Quality:1                ; cheap slight out of focus]]
[2020.10.18-21.54.03:553][  0]LogConfig: Setting CVar [[r.DOF.Recombine.EnableBokehSettings:0    ; no bokeh simulation on slight out of focus]]
[2020.10.18-21.54.03:553][  0]LogConfig: Setting CVar [[r.DOF.TemporalAAQuality:1                ; more stable temporal accumulation]]
[2020.10.18-21.54.03:553][  0]LogConfig: Setting CVar [[r.DOF.Kernel.MaxForegroundRadius:0.025]]
[2020.10.18-21.54.03:553][  0]LogConfig: Setting CVar [[r.DOF.Kernel.MaxBackgroundRadius:0.025]]
[2020.10.18-21.54.03:553][  0]LogConfig: Applying CVar settings from Section [TextureQuality@3] File [C:/Users/geras/Downloads/UE4AutotestLecture-master/ActionRPG/Saved/Config/Windows/Scalability.ini]
[2020.10.18-21.54.03:553][  0]LogConfig: Setting CVar [[r.Streaming.MipBias:0]]
[2020.10.18-21.54.03:553][  0]LogConfig: Setting CVar [[r.Streaming.AmortizeCPUToGPUCopy:0]]
[2020.10.18-21.54.03:553][  0]LogConfig: Setting CVar [[r.Streaming.MaxNumTexturesToStreamPerFrame:0]]
[2020.10.18-21.54.03:553][  0]LogConfig: Setting CVar [[r.Streaming.Boost:1]]
[2020.10.18-21.54.03:554][  0]LogConfig: Setting CVar [[r.MaxAnisotropy:8]]
[2020.10.18-21.54.03:554][  0]LogConfig: Setting CVar [[r.VT.MaxAnisotropy:8]]
[2020.10.18-21.54.03:554][  0]LogConfig: Setting CVar [[r.Streaming.LimitPoolSizeToVRAM:0]]
[2020.10.18-21.54.03:554][  0]LogConfig: Setting CVar [[r.Streaming.PoolSize:1000]]
[2020.10.18-21.54.03:554][  0]LogConfig: Setting CVar [[r.Streaming.MaxEffectiveScreenSize:0]]
[2020.10.18-21.54.03:554][  0]LogConfig: Applying CVar settings from Section [EffectsQuality@3] File [C:/Users/geras/Downloads/UE4AutotestLecture-master/ActionRPG/Saved/Config/Windows/Scalability.ini]
[2020.10.18-21.54.03:554][  0]LogConfig: Setting CVar [[r.TranslucencyLightingVolumeDim:64]]
[2020.10.18-21.54.03:554][  0]LogConfig: Setting CVar [[r.RefractionQuality:2]]
[2020.10.18-21.54.03:554][  0]LogConfig: Setting CVar [[r.SSR.Quality:3]]
[2020.10.18-21.54.03:554][  0]LogConfig: Setting CVar [[r.SSR.HalfResSceneColor:0]]
[2020.10.18-21.54.03:554][  0]LogConfig: Setting CVar [[r.SceneColorFormat:4]]
[2020.10.18-21.54.03:554][  0]LogConfig: Setting CVar [[r.DetailMode:2]]
[2020.10.18-21.54.03:554][  0]LogConfig: Setting CVar [[r.TranslucencyVolumeBlur:1]]
[2020.10.18-21.54.03:554][  0]LogConfig: Setting CVar [[r.MaterialQualityLevel:1 ; High quality]]
[2020.10.18-21.54.03:554][  0]LogConfig: Setting CVar [[r.SSS.Scale:1]]
[2020.10.18-21.54.03:554][  0]LogConfig: Setting CVar [[r.SSS.SampleSet:2]]
[2020.10.18-21.54.03:554][  0]LogConfig: Setting CVar [[r.SSS.Quality:1]]
[2020.10.18-21.54.03:554][  0]LogConfig: Setting CVar [[r.SSS.HalfRes:0]]
[2020.10.18-21.54.03:554][  0]LogConfig: Setting CVar [[r.SSGI.Quality:3]]
[2020.10.18-21.54.03:554][  0]LogConfig: Setting CVar [[r.EmitterSpawnRateScale:1.0]]
[2020.10.18-21.54.03:555][  0]LogConfig: Setting CVar [[r.ParticleLightQuality:2]]
[2020.10.18-21.54.03:555][  0]LogConfig: Setting CVar [[r.SkyAtmosphere.AerialPerspectiveLUT.FastApplyOnOpaque:1 ; Always have FastSkyLUT 1 in this case to avoid wrong sky]]
[2020.10.18-21.54.03:555][  0]LogConfig: Setting CVar [[r.SkyAtmosphere.AerialPerspectiveLUT.SampleCountPerSlice:1]]
[2020.10.18-21.54.03:555][  0]LogConfig: Setting CVar [[r.SkyAtmosphere.AerialPerspectiveLUT.DepthResolution:16.0]]
[2020.10.18-21.54.03:555][  0]LogConfig: Setting CVar [[r.SkyAtmosphere.FastSkyLUT:1]]
[2020.10.18-21.54.03:555][  0]LogConfig: Setting CVar [[r.SkyAtmosphere.FastSkyLUT.SampleCountMin:4.0]]
[2020.10.18-21.54.03:555][  0]LogConfig: Setting CVar [[r.SkyAtmosphere.FastSkyLUT.SampleCountMax:32.0]]
[2020.10.18-21.54.03:555][  0]LogConfig: Setting CVar [[r.SkyAtmosphere.SampleCountMin:4.0]]
[2020.10.18-21.54.03:555][  0]LogConfig: Setting CVar [[r.SkyAtmosphere.SampleCountMax:32.0]]
[2020.10.18-21.54.03:555][  0]LogConfig: Setting CVar [[r.SkyAtmosphere.TransmittanceLUT.UseSmallFormat:0]]
[2020.10.18-21.54.03:555][  0]LogConfig: Setting CVar [[r.SkyAtmosphere.TransmittanceLUT.SampleCount:10.0]]
[2020.10.18-21.54.03:555][  0]LogConfig: Setting CVar [[r.SkyAtmosphere.MultiScatteringLUT.SampleCount:15.0]]
[2020.10.18-21.54.03:555][  0]LogConfig: Applying CVar settings from Section [FoliageQuality@3] File [C:/Users/geras/Downloads/UE4AutotestLecture-master/ActionRPG/Saved/Config/Windows/Scalability.ini]
[2020.10.18-21.54.03:555][  0]LogConfig: Setting CVar [[foliage.DensityScale:1.0]]
[2020.10.18-21.54.03:555][  0]LogConfig: Setting CVar [[grass.DensityScale:1.0]]
[2020.10.18-21.54.03:555][  0]LogConfig: Applying CVar settings from Section [ShadingQuality@3] File [C:/Users/geras/Downloads/UE4AutotestLecture-master/ActionRPG/Saved/Config/Windows/Scalability.ini]
[2020.10.18-21.54.03:555][  0]LogConfig: Setting CVar [[r.HairStrands.SkyLighting.SampleCount:16]]
[2020.10.18-21.54.03:555][  0]LogConfig: Setting CVar [[r.HairStrands.SkyLighting.JitterIntegration:0]]
[2020.10.18-21.54.03:555][  0]LogConfig: Setting CVar [[r.HairStrands.SkyAO.SampleCount:16]]
[2020.10.18-21.54.03:555][  0]LogConfig: Setting CVar [[r.HairStrands.DeepShadow.SuperSampling:0]]
[2020.10.18-21.54.03:555][  0]LogConfig: Setting CVar [[r.HairStrands.VisibilityPPLL:0]]
[2020.10.18-21.54.03:555][  0]LogConfig: Setting CVar [[r.HairStrands.RasterizationScale:0.5]]
[2020.10.18-21.54.03:556][  0]LogConfig: Setting CVar [[r.HairStrands.VelocityRasterizationScale:1]]
[2020.10.18-21.54.03:556][  0]LogConfig: Applying CVar settings from Section [Startup] File [../../../Engine/Config/ConsoleVariables.ini]
[2020.10.18-21.54.03:564][  0]LogConfig: Setting CVar [[net.UseAdaptiveNetUpdateFrequency:0]]
[2020.10.18-21.54.03:564][  0]LogConfig: Setting CVar [[p.chaos.AllowCreatePhysxBodies:1]]
[2020.10.18-21.54.03:564][  0]LogConfig: Setting CVar [[fx.SkipVectorVMBackendOptimizations:1]]
[2020.10.18-21.54.03:564][  0]LogConfig: Applying CVar settings from Section [ConsoleVariables] File [C:/Users/geras/Downloads/UE4AutotestLecture-master/ActionRPG/Saved/Config/Windows/Engine.ini]
[2020.10.18-21.54.03:579][  0]LogInit: Computer: DESKTOP-HO4OBAU
[2020.10.18-21.54.03:580][  0]LogInit: User: geras
[2020.10.18-21.54.03:588][  0]LogInit: CPU Page size=4096, Cores=4
[2020.10.18-21.54.03:588][  0]LogInit: High frequency timer resolution =10.000000 MHz
[2020.10.18-21.54.03:589][  0]LogMemory: Memory total: Physical=8.0GB (8GB approx)
[2020.10.18-21.54.03:589][  0]LogMemory: Platform Memory Stats for Windows
[2020.10.18-21.54.03:589][  0]LogMemory: Process Physical Memory: 120.92 MB used, 120.93 MB peak
[2020.10.18-21.54.03:589][  0]LogMemory: Process Virtual Memory: 101.79 MB used, 101.80 MB peak
[2020.10.18-21.54.03:589][  0]LogMemory: Physical Memory: 4347.39 MB used,  3798.77 MB free, 8146.16 MB total
[2020.10.18-21.54.03:589][  0]LogMemory: Virtual Memory: 5078.39 MB used,  134212648.00 MB free, 134217728.00 MB total
[2020.10.18-21.54.03:620][  0]LogWindows: WindowsPlatformFeatures enabled
[2020.10.18-21.54.04:236][  0]LogInit: Physics initialised using underlying interface: PhysX
[2020.10.18-21.54.04:272][  0]LogInit: Using OS detected language (ru-RU).
[2020.10.18-21.54.04:287][  0]LogInit: Using OS detected locale (ru-RU).
[2020.10.18-21.54.04:334][  0]LogTextLocalizationManager: No specific localization for 'ru-RU' exists, so the 'ru' localization will be used.
[2020.10.18-21.54.04:347][  0]LogTextLocalizationResource: LocRes '../../../Engine/Content/Localization/Editor/ru/Editor.locres' could not be opened for reading!
[2020.10.18-21.54.04:348][  0]LogTextLocalizationResource: LocRes '../../../Engine/Content/Localization/EditorTutorials/ru/EditorTutorials.locres' could not be opened for reading!
[2020.10.18-21.54.04:348][  0]LogTextLocalizationResource: LocRes '../../../Engine/Content/Localization/Keywords/ru/Keywords.locres' could not be opened for reading!
[2020.10.18-21.54.04:348][  0]LogTextLocalizationResource: LocRes '../../../Engine/Content/Localization/Category/ru/Category.locres' could not be opened for reading!
[2020.10.18-21.54.04:348][  0]LogTextLocalizationResource: LocRes '../../../Engine/Content/Localization/ToolTips/ru/ToolTips.locres' could not be opened for reading!
[2020.10.18-21.54.04:349][  0]LogTextLocalizationResource: LocRes '../../../Engine/Content/Localization/PropertyNames/ru/PropertyNames.locres' could not be opened for reading!
[2020.10.18-21.54.04:349][  0]LogTextLocalizationResource: LocRes '../../../Engine/Content/Localization/Engine/ru/Engine.locres' could not be opened for reading!
[2020.10.18-21.54.04:398][  0]LogInit: Setting process to per monitor DPI aware
[2020.10.18-21.54.04:830][  0]LogSlate: New Slate User Created.  User Index 0, Is Virtual User: 0
[2020.10.18-21.54.04:830][  0]LogSlate: Slate User Registered.  User Index 0, Is Virtual User: 0
[2020.10.18-21.54.08:663][  0]LogD3D11RHI: D3D11 min allowed feature level: 11_0
[2020.10.18-21.54.08:663][  0]LogD3D11RHI: D3D11 max allowed feature level: 11_0
[2020.10.18-21.54.08:663][  0]LogD3D11RHI: D3D11 adapters:
[2020.10.18-21.54.08:869][  0]LogD3D11RHI:    0. 'NVIDIA GeForce GTX 650 Ti BOOST' (Feature Level 11_0)
[2020.10.18-21.54.08:869][  0]LogD3D11RHI:       1998/0/4073 MB DedicatedVideo/DedicatedSystem/SharedSystem, Outputs:1, VendorId:0x10de
[2020.10.18-21.54.08:944][  0]LogD3D11RHI:    1. 'Microsoft Basic Render Driver' (Feature Level 11_0)
[2020.10.18-21.54.08:945][  0]LogD3D11RHI:       0/0/4073 MB DedicatedVideo/DedicatedSystem/SharedSystem, Outputs:0, VendorId:0x1414
[2020.10.18-21.54.08:945][  0]LogD3D11RHI: Chosen D3D11 Adapter: 0
[2020.10.18-21.54.08:952][  0]LogD3D11RHI: Creating new Direct3DDevice
[2020.10.18-21.54.08:963][  0]LogD3D11RHI:     GPU DeviceId: 0x11c2 (for the marketing name, search the web for "GPU Device Id")
[2020.10.18-21.54.08:963][  0]LogWindows: EnumDisplayDevices:
[2020.10.18-21.54.08:963][  0]LogWindows:    0. 'NVIDIA GeForce GTX 650 Ti BOOST' (P:1 D:1)
[2020.10.18-21.54.08:964][  0]LogWindows:    1. 'NVIDIA GeForce GTX 650 Ti BOOST' (P:0 D:0)
[2020.10.18-21.54.08:965][  0]LogWindows:    2. 'NVIDIA GeForce GTX 650 Ti BOOST' (P:0 D:0)
[2020.10.18-21.54.08:966][  0]LogWindows:    3. 'NVIDIA GeForce GTX 650 Ti BOOST' (P:0 D:0)
[2020.10.18-21.54.08:966][  0]LogWindows: DebugString: FoundDriverCount:4 
[2020.10.18-21.54.08:966][  0]LogD3D11RHI:     Adapter Name: NVIDIA GeForce GTX 650 Ti BOOST
[2020.10.18-21.54.08:966][  0]LogD3D11RHI:   Driver Version: 456.71 (internal:27.21.14.5671, unified:456.71)
[2020.10.18-21.54.08:966][  0]LogD3D11RHI:      Driver Date: 9-30-2020
[2020.10.18-21.54.08:966][  0]LogRHI: Texture pool is 1398 MB (70% of 1998 MB)
[2020.10.18-21.54.09:079][  0]LogD3D11RHI: RHI does not have support for 64 bit atomics
[2020.10.18-21.54.09:084][  0]LogD3D11RHI: [Aftermath] Enabled and primed
[2020.10.18-21.54.09:084][  0]LogD3D11RHI: Async texture creation enabled
[2020.10.18-21.54.09:386][  0]LogD3D11RHI: GPU Timing Frequency: 1000.000000 (Debug: 2 1)
[2020.10.18-21.54.10:146][  0]LogTargetPlatformManager: Display: Loaded TargetPlatform 'AllDesktop'
[2020.10.18-21.54.10:194][  0]LogTargetPlatformManager: Display: Loaded TargetPlatform 'Android'
[2020.10.18-21.54.10:194][  0]LogTargetPlatformManager: Display: Loaded TargetPlatform 'Android_ASTC'
[2020.10.18-21.54.10:194][  0]LogTargetPlatformManager: Display: Loaded TargetPlatform 'Android_DXT'
[2020.10.18-21.54.10:194][  0]LogTargetPlatformManager: Display: Loaded TargetPlatform 'Android_ETC2'
[2020.10.18-21.54.10:194][  0]LogTargetPlatformManager: Display: Loaded TargetPlatform 'AndroidClient'
[2020.10.18-21.54.10:194][  0]LogTargetPlatformManager: Display: Loaded TargetPlatform 'Android_ASTCClient'
[2020.10.18-21.54.10:194][  0]LogTargetPlatformManager: Display: Loaded TargetPlatform 'Android_DXTClient'
[2020.10.18-21.54.10:194][  0]LogTargetPlatformManager: Display: Loaded TargetPlatform 'Android_ETC2Client'
[2020.10.18-21.54.10:194][  0]LogTargetPlatformManager: Display: Loaded TargetPlatform 'Android_Multi'
[2020.10.18-21.54.10:194][  0]LogTargetPlatformManager: Display: Loaded TargetPlatform 'Android_MultiClient'
[2020.10.18-21.54.10:297][  0]LogTargetPlatformManager: Display: Loaded TargetPlatform 'IOSClient'
[2020.10.18-21.54.10:297][  0]LogTargetPlatformManager: Display: Loaded TargetPlatform 'IOS'
[2020.10.18-21.54.10:345][  0]LogTargetPlatformManager: Display: Loaded TargetPlatform 'Linux'
[2020.10.18-21.54.10:376][  0]LogTargetPlatformManager: Display: Loaded TargetPlatform 'LinuxNoEditor'
[2020.10.18-21.54.10:399][  0]LogTargetPlatformManager: Display: Loaded TargetPlatform 'LinuxClient'
[2020.10.18-21.54.10:421][  0]LogTargetPlatformManager: Display: Loaded TargetPlatform 'LinuxServer'
[2020.10.18-21.54.10:446][  0]LogTargetPlatformManager: Display: Loaded TargetPlatform 'LinuxAArch64NoEditor'
[2020.10.18-21.54.10:473][  0]LogTargetPlatformManager: Display: Loaded TargetPlatform 'LinuxAArch64Client'
[2020.10.18-21.54.10:507][  0]LogTargetPlatformManager: Display: Loaded TargetPlatform 'LinuxAArch64Server'
[2020.10.18-21.54.10:558][  0]LogTargetPlatformManager: Display: Loaded TargetPlatform 'Lumin'
[2020.10.18-21.54.10:558][  0]LogTargetPlatformManager: Display: Loaded TargetPlatform 'LuminClient'
[2020.10.18-21.54.10:599][  0]LogTargetPlatformManager: Display: Loaded TargetPlatform 'TVOSClient'
[2020.10.18-21.54.10:599][  0]LogTargetPlatformManager: Display: Loaded TargetPlatform 'TVOS'
[2020.10.18-21.54.10:625][  0]LogTargetPlatformManager: Display: Loaded TargetPlatform 'WindowsNoEditor'
[2020.10.18-21.54.10:655][  0]LogTargetPlatformManager: Display: Loaded TargetPlatform 'Windows'
[2020.10.18-21.54.10:679][  0]LogTargetPlatformManager: Display: Loaded TargetPlatform 'WindowsClient'
[2020.10.18-21.54.10:700][  0]LogTargetPlatformManager: Display: Loaded TargetPlatform 'WindowsServer'
[2020.10.18-21.54.10:700][  0]LogTargetPlatformManager: Display: Building Assets For Windows
[2020.10.18-21.54.10:761][  0]LogAudioDebug: Display: Lib vorbis DLL was dynamically loaded.
[2020.10.18-21.54.11:285][  0]LogShaderCompilers: Guid format shader working directory is -30 characters bigger than the processId version (../../../../../../Users/geras/Downloads/UE4AutotestLecture-master/ActionRPG/Intermediate/Shaders/WorkingDirectory/13204/).
[2020.10.18-21.54.11:286][  0]LogShaderCompilers: Cleaned the shader compiler working directory 'C:/Users/geras/AppData/Local/Temp/UnrealShaderWorkingDir/FF55BD61406F569EC42696937C982007/'.
[2020.10.18-21.54.11:316][  0]LogXGEController: Cleaning working directory: C:/Users/geras/AppData/Local/Temp/UnrealXGEWorkingDir/
[2020.10.18-21.54.11:317][  0]LogXGEController: Cannot use XGE Controller as Incredibuild is not installed on this machine.
[2020.10.18-21.54.11:317][  0]LogShaderCompilers: Cannot use XGE Shader Compiler as Incredibuild is not installed on this machine.
[2020.10.18-21.54.11:317][  0]LogShaderCompilers: Display: Using Local Shader Compiler.
[2020.10.18-21.54.14:975][  0]LogDerivedDataCache: Display: Max Cache Size: 512 MB
[2020.10.18-21.54.15:942][  0]LogDerivedDataCache: Loaded boot cache 0.97s 99MB C:/Users/geras/AppData/Local/UnrealEngine/4.25/DerivedDataCache/Boot.ddc.
[2020.10.18-21.54.15:942][  0]LogDerivedDataCache: Display: Loaded Boot cache: C:/Users/geras/AppData/Local/UnrealEngine/4.25/DerivedDataCache/Boot.ddc
[2020.10.18-21.54.15:942][  0]LogDerivedDataCache: FDerivedDataBackendGraph:  Pak pak cache file ../../../../../../Users/geras/Downloads/UE4AutotestLecture-master/ActionRPG/DerivedDataCache/DDC.ddp not found, will not use a pak cache.
[2020.10.18-21.54.15:942][  0]LogDerivedDataCache: Unable to find inner node Pak for hierarchical cache Hierarchy.
[2020.10.18-21.54.15:942][  0]LogDerivedDataCache: FDerivedDataBackendGraph:  CompressedPak pak cache file ../../../../../../Users/geras/Downloads/UE4AutotestLecture-master/ActionRPG/DerivedDataCache/Compressed.ddp not found, will not use a pak cache.
[2020.10.18-21.54.15:942][  0]LogDerivedDataCache: Unable to find inner node CompressedPak for hierarchical cache Hierarchy.
[2020.10.18-21.54.15:986][  0]LogDerivedDataCache: Display: Pak cache opened for reading ../../../Engine/DerivedDataCache/Compressed.ddp.
[2020.10.18-21.54.15:986][  0]LogDerivedDataCache: FDerivedDataBackendGraph:  EnterprisePak pak cache file ../../../Enterprise/DerivedDataCache/Compressed.ddp not found, will not use a pak cache.
[2020.10.18-21.54.15:986][  0]LogDerivedDataCache: Unable to find inner node EnterprisePak for hierarchical cache Hierarchy.
[2020.10.18-21.54.16:008][  0]LogDerivedDataCache: Using Local data cache path C:/Users/geras/AppData/Local/UnrealEngine/Common/DerivedDataCache: Writable
[2020.10.18-21.54.16:008][  0]LogDerivedDataCache: Shared data cache path not found in *engine.ini, will not use an Shared cache.
[2020.10.18-21.54.16:008][  0]LogDerivedDataCache: Unable to find inner node Shared for hierarchical cache Hierarchy.
[2020.10.18-21.54.16:372][  0]LogSlate: Using FreeType 2.10.0
[2020.10.18-21.54.16:605][  0]LogSlate: SlateFontServices - WITH_FREETYPE: 1, WITH_HARFBUZZ: 1
[2020.10.18-21.54.20:642][  0]LogAssetRegistry: FAssetRegistry took 0.0114 seconds to start up
[2020.10.18-21.54.23:873][  0]LogInit: Selected Device Profile: [Windows]
[2020.10.18-21.54.24:956][  0]LogMeshReduction: Using QuadricMeshReduction for automatic static mesh reduction
[2020.10.18-21.54.24:956][  0]LogMeshReduction: Using SimplygonMeshReduction for automatic skeletal mesh reduction
[2020.10.18-21.54.24:956][  0]LogMeshReduction: Using ProxyLODMeshReduction for automatic mesh merging
[2020.10.18-21.54.24:956][  0]LogMeshReduction: No distributed automatic mesh merging module available
[2020.10.18-21.54.24:957][  0]LogMeshMerging: No distributed automatic mesh merging module available
[2020.10.18-21.54.25:290][  0]LogNetVersion: ActionRPG 1.0.0, NetCL: 13144385, EngineNetVer: 14, GameNetVer: 0 (Checksum: 315464098)
[2020.10.18-21.54.47:755][  0]LogAISub: UAISubsystem::UAISubsystem AISubsystem (00000275420EBCC0), frame # 0
[2020.10.18-21.54.47:755][  0]LogAISub: UAISubsystem::UAISubsystem AIPerceptionSystem (00000275421091C0), frame # 0
[2020.10.18-21.54.47:770][  0]LogAISub: UAISubsystem::UAISubsystem EnvQueryManager (0000027542235E00), frame # 0
[2020.10.18-21.54.48:196][  0]LogPackageLocalizationCache: Processed 13 localized package path(s) for 1 prioritized culture(s) in 0.065445 seconds
[2020.10.18-21.54.48:227][  0]LogUObjectArray: 15596 objects as part of root set at end of initial load.
[2020.10.18-21.54.48:227][  0]LogUObjectAllocator: 3867792 out of 0 bytes used by permanent object pool.
[2020.10.18-21.54.48:227][  0]LogUObjectArray: CloseDisregardForGC: 0/0 objects in disregard for GC pool
[2020.10.18-21.54.52:649][  0]LogTcpMessaging: Initializing TcpMessaging bridge
[2020.10.18-21.54.52:672][  0]LogUdpMessaging: Initializing bridge on interface 0.0.0.0:0 to multicast group 230.0.0.1:6666.
[2020.10.18-21.54.52:805][  0]LogStats: UGameplayTagsManager::InitializeManager -  0.012 s
[2020.10.18-21.54.53:869][  0]SourceControl: Source control is disabled
[2020.10.18-21.54.53:869][  0]SourceControl: Source control is disabled
[2020.10.18-21.54.53:905][  0]SourceControl: Source control is disabled
[2020.10.18-21.54.54:020][  0]SourceControl: Source control is disabled
[2020.10.18-21.54.54:068][  0]SourceControl: Source control is disabled
[2020.10.18-21.54.54:095][  0]LogVSAccessor: Display: Unable to create Visual Studio setup instance: 80040154
[2020.10.18-21.54.54:096][  0]LogVSAccessor: Display: Unable to create Visual Studio setup instance: 80040154
[2020.10.18-21.54.55:657][  0]LogAndroidPermission: UAndroidPermissionCallbackProxy::GetInstance
[2020.10.18-21.54.56:935][  0]LogEngine: Initializing Engine...
[2020.10.18-21.54.57:924][  0]LogInit: Initializing FReadOnlyCVARCache
[2020.10.18-21.54.58:170][  0]LogAIModule: Creating AISystem for world Untitled
[2020.10.18-21.54.58:170][  0]LogAISub: UAISubsystem::UAISubsystem EnvQueryManager (000002754B2FBC00), frame # 0
[2020.10.18-21.54.58:170][  0]LogAISub: UAISubsystem::UAISubsystem AIPerceptionSystem (000002754B336FC0), frame # 0
[2020.10.18-21.54.58:208][  0]LogAudioMixer: Display: Audio Mixer Platform Settings:
[2020.10.18-21.54.58:208][  0]LogAudioMixer: Display: 	Sample Rate:						  48000
[2020.10.18-21.54.58:208][  0]LogAudioMixer: Display: 	Callback Buffer Frame Size Requested: 1024
[2020.10.18-21.54.58:209][  0]LogAudioMixer: Display: 	Callback Buffer Frame Size To Use:	  1024
[2020.10.18-21.54.58:209][  0]LogAudioMixer: Display: 	Number of buffers to queue:			  1
[2020.10.18-21.54.58:209][  0]LogAudioMixer: Display: 	Max Channels (voices):				  0
[2020.10.18-21.54.58:209][  0]LogAudioMixer: Display: 	Number of Async Source Workers:		  4
[2020.10.18-21.54.58:209][  0]LogAudio: Display: AudioDevice MaxSources: 32
[2020.10.18-21.54.58:209][  0]LogAudio: Display: Using built-in audio occlusion.
[2020.10.18-21.54.58:209][  0]LogAudioMixer: Display: Initializing audio mixer.
[2020.10.18-21.54.58:305][  0]LogAudioMixer: Display: 0: FrontLeft
[2020.10.18-21.54.58:305][  0]LogAudioMixer: Display: 1: FrontRight
[2020.10.18-21.54.58:416][  0]LogAudioMixer: Display: Using Audio Device Динамики (VIA HD Audio(Win 10))
[2020.10.18-21.54.58:417][  0]LogAudioMixer: Display: Initializing Sound Submixes...
[2020.10.18-21.54.58:449][  0]LogAudioMixer: Display: Creating Master Submix 'MasterSubmixDefault'
[2020.10.18-21.54.58:449][  0]LogAudioMixer: Display: Creating Master Submix 'MasterReverbSubmixDefault'
[2020.10.18-21.54.58:452][  0]LogAudioMixer: Display: Creating Master Submix 'MasterEQSubmixDefault'
[2020.10.18-21.54.58:455][  0]LogInit: FAudioDevice initialized.
[2020.10.18-21.54.58:455][  0]LogNetVersion: Set ProjectVersion to 1.3.0. Version Checksum will be recalculated on next use.
[2020.10.18-21.54.58:544][  0]LogDerivedDataCache: Saved boot cache 0.09s 47MB C:/Users/geras/AppData/Local/UnrealEngine/4.25/DerivedDataCache/Boot.ddc.
[2020.10.18-21.54.58:547][  0]LogInit: Texture streaming: Enabled
[2020.10.18-21.54.58:998][  0]LogEngineSessionManager: EngineSessionManager initialized
[2020.10.18-21.54.58:998][  0]LogEngineSessionManager: EngineSessionManager sent abnormal shutdown report. Type=Crashed, SessionId={8770827A-4E32-24D7-564F-A4BEDA345D6D}
[2020.10.18-21.54.58:998][  0]LogEditorSessionSummary: Verbose: Initializing EditorSessionSummaryWriter for editor session tracking
[2020.10.18-21.54.59:446][  0]LogEditorSessionSummary: EditorSessionSummaryWriter initialized
[2020.10.18-21.55.00:550][  0]LogInit: Transaction tracking system initialized
[2020.10.18-21.55.00:762][  0]BlueprintLog: New page: Editor Load
[2020.10.18-21.55.03:532][  0]LocalizationService: Localization service is disabled
[2020.10.18-21.55.06:165][  0]LogVSAccessor: Display: Unable to create Visual Studio setup instance: 80040154
[2020.10.18-21.55.06:166][  0]LogVSAccessor: Display: Unable to create Visual Studio setup instance: 80040154
[2020.10.18-21.55.09:483][  0]LogCook: Display: Max memory allowance for cook 16384mb min free memory 0mb
[2020.10.18-21.55.09:485][  0]LogCook: Display: Mobile HDR setting 1
[2020.10.18-21.55.10:064][  0]LogFileCache: Scanning file cache for directory 'C:/Users/geras/Downloads/UE4AutotestLecture-master/ActionRPG/Content/' took 0.08s
[2020.10.18-21.55.10:064][  0]LogStats: FGameplayAbilitiesEditorModule::GameplayTagTreeChanged -  0.000 s
[2020.10.18-21.55.11:702][  0]LogStats: UGameplayCueManager::InitializeEditorObjectLibrary -  0.004 s
[2020.10.18-21.55.12:100][  0]SourceControl: Source control is disabled
[2020.10.18-21.55.12:101][  0]LogUnrealEdMisc: Loading editor; pre map load, took 89.181
[2020.10.18-21.55.12:106][  0]Cmd: MAP LOAD FILE="../../../../../../Users/geras/Downloads/UE4AutotestLecture-master/ActionRPG/Content/Maps/ActionRPG_P.umap" TEMPLATE=0 SHOWPROGRESS=1 FEATURELEVEL=3
[2020.10.18-21.55.12:122][  0]LightingResults: New page: Lighting Build
[2020.10.18-21.55.12:164][  0]LogWorld: UWorld::CleanupWorld for Untitled, bSessionEnded=true, bCleanupResources=true
[2020.10.18-21.55.12:164][  0]LogSlate: InvalidateAllWidgets triggered.  All widgets were invalidated
[2020.10.18-21.55.12:164][  0]MapCheck: New page: Map Check
[2020.10.18-21.55.12:164][  0]LightingResults: New page: Lighting Build
[2020.10.18-21.55.12:178][  0]LogAISub: UAISubsystem::~UAISubsystem EnvQueryManager (000002754B2FBC00), frame # 0
[2020.10.18-21.55.12:179][  0]LogAISub: UAISubsystem::~UAISubsystem AIPerceptionSystem (000002754B336FC0), frame # 0
[2020.10.18-21.55.12:180][  0]LogUObjectHash: Compacting FUObjectHashTables data took   1.05ms
[2020.10.18-21.55.26:107][  0]LogSlate: InvalidateAllWidgets triggered.  All widgets were invalidated
[2020.10.18-21.55.30:211][  0]LogAIModule: Creating AISystem for world ActionRPG_P
[2020.10.18-21.55.30:211][  0]LogAISub: UAISubsystem::UAISubsystem EnvQueryManager (0000027557128800), frame # 0
[2020.10.18-21.55.30:211][  0]LogAISub: UAISubsystem::UAISubsystem AIPerceptionSystem (0000027557125E40), frame # 0
[2020.10.18-21.55.30:716][  0]LogStreaming: Display: ULevelStreaming::RequestLevel(/Game/Maps/ActionRPG_Dungeon02_Lights) is flushing async loading
[2020.10.18-21.55.30:716][  0]LogStreaming: Display: Flushing async loaders.
[2020.10.18-21.55.31:003][  0]LogStreaming: Display: ULevelStreaming::RequestLevel(/Game/Maps/ActionRPG_Dungeon02_Asset) is flushing async loading
[2020.10.18-21.55.40:609][  0]LogEditorServer: Finished looking for orphan Actors (0.000 secs)
[2020.10.18-21.55.40:612][  0]LogNavigationDataBuild: Display:    Building NavData:  Name Default class /Script/NavigationSystem.RecastNavMesh agent radius 35.0.
[2020.10.18-21.55.40:693][  0]LogUObjectHash: Compacting FUObjectHashTables data took   2.90ms
[2020.10.18-21.55.40:703][  0]Cmd: MAP CHECKDEP NOCLEARLOG
[2020.10.18-21.55.41:094][  0]MapCheck: Map check complete: 0 Error(s), 0 Warning(s), took 390,837ms to complete.
[2020.10.18-21.55.41:094][  0]LogFileHelpers: Loading map 'ActionRPG_P' took 28.988
[2020.10.18-21.55.41:618][  0]LogUnrealEdMisc: Total Editor Startup Time, took 118.699
[2020.10.18-21.55.42:069][  0]LogSlate: Updating window title bar state: overlay mode, drag disabled, window buttons hidden, title bar hidden
[2020.10.18-21.55.42:079][  0]LogSlate: Updating window title bar state: overlay mode, drag disabled, window buttons hidden, title bar hidden
[2020.10.18-21.55.42:090][  0]LogSlate: Updating window title bar state: overlay mode, drag disabled, window buttons hidden, title bar hidden
[2020.10.18-21.55.42:101][  0]LogSlate: Updating window title bar state: overlay mode, drag disabled, window buttons hidden, title bar hidden
[2020.10.18-21.55.42:636][  0]LogCollectionManager: Loaded 0 collections in 0.020609 seconds
[2020.10.18-21.55.42:759][  0]LogFileCache: Scanning file cache for directory 'C:/Users/geras/Downloads/UE4AutotestLecture-master/ActionRPG/Saved/Collections/' took 0.00s
[2020.10.18-21.55.42:759][  0]LogFileCache: Scanning file cache for directory 'C:/Users/geras/Downloads/UE4AutotestLecture-master/ActionRPG/Content/Developers/geras/Collections/' took 0.00s
[2020.10.18-21.55.42:759][  0]LogFileCache: Scanning file cache for directory 'C:/Users/geras/Downloads/UE4AutotestLecture-master/ActionRPG/Content/Collections/' took 0.00s
[2020.10.18-21.55.42:760][  0]LogContentBrowser: Native class hierarchy populated in 0.0339 seconds. Added 3362 classes and 704 folders.
[2020.10.18-21.55.42:857][  0]LogContentBrowser: Native class hierarchy updated for 'WidgetCarousel' in 0.0012 seconds. Added 0 classes and 0 folders.
[2020.10.18-21.55.45:375][  0]LogContentBrowser: Native class hierarchy updated for 'AddContentDialog' in 0.0013 seconds. Added 0 classes and 0 folders.
[2020.10.18-21.55.45:425][  0]LogContentBrowser: Native class hierarchy updated for 'SceneOutliner' in 0.0013 seconds. Added 2 classes and 3 folders.
[2020.10.18-21.55.45:633][  0]LogSlate: Took 0.038697 seconds to synchronously load lazily loaded font '../../../Engine/Content/Slate/Fonts/Roboto-Regular.ttf' (155K)
[2020.10.18-21.55.45:648][  0]LogSlate: Took 0.012420 seconds to synchronously load lazily loaded font '../../../Engine/Content/Slate/Fonts/Roboto-Bold.ttf' (160K)
[2020.10.18-21.55.45:670][  0]LogSlate: Took 0.016456 seconds to synchronously load lazily loaded font '../../../Engine/Content/Editor/Slate/Fonts/FontAwesome.ttf' (139K)
[2020.10.18-21.55.46:192][  0]LogRenderer: Reallocating scene render targets to support 1504x692 Format 10 NumSamples 1 (Frame:1).
[2020.10.18-21.55.46:292][  0]LogSlate: Took 0.017626 seconds to synchronously load lazily loaded font '../../../Engine/Content/Slate/Fonts/Roboto-Light.ttf' (167K)
[2020.10.18-21.55.46:457][  0]LogContentBrowser: Native class hierarchy updated for 'HierarchicalLODOutliner' in 0.0012 seconds. Added 0 classes and 0 folders.
[2020.10.18-21.55.46:457][  0]LogLoad: (Engine Initialization) Total time: 123.54 seconds
[2020.10.18-21.55.46:457][  0]LogLoad: (Engine Initialization) Total Blueprint compile time: 0.00 seconds
[2020.10.18-21.55.46:658][  0]LogContentStreaming: Texture pool size now 1000 MB
[2020.10.18-21.55.46:806][  1]LogAssetRegistry: Asset discovery search completed in 86.1654 seconds
[2020.10.18-21.55.46:810][  1]LogStats: UGameplayCueManager::InitializeEditorObjectLibrary -  0.004 s
[2020.10.18-21.55.46:824][  1]LogCollectionManager: Fixed up redirectors for 0 collections in 0.000004 seconds (updated 0 objects)
[2020.10.18-21.55.48:112][  5]LogSlate: Took 0.000363 seconds to synchronously load lazily loaded font '../../../Engine/Content/Slate/Fonts/Roboto-Light.ttf' (167K)
[2020.10.18-21.56.01:990][795]LogAssetEditorSubsystem: Opening Asset editor for Blueprint /Game/WaveChecker.WaveChecker
[2020.10.18-21.56.02:599][795]LogContentBrowser: Native class hierarchy updated for 'BlueprintGraph' in 0.0019 seconds. Added 125 classes and 0 folders.
[2020.10.18-21.56.04:713][795]LogSlate: Took 0.011580 seconds to synchronously load lazily loaded font '../../../Engine/Content/Slate/Fonts/Roboto-BoldCondensed.ttf' (158K)
[2020.10.18-21.56.04:862][796]LogSlate: Took 0.010480 seconds to synchronously load lazily loaded font '../../../Engine/Content/Slate/Fonts/Roboto-Italic.ttf' (157K)
[2020.10.18-21.56.08:614][ 46]LogSlate: Window 'WaveChecker' being destroyed
[2020.10.18-21.56.21:809][362]LogContentBrowser: Native class hierarchy updated for 'ScreenShotComparisonTools' in 0.0013 seconds. Added 0 classes and 0 folders.
[2020.10.18-21.56.21:867][362]LogDirectoryWatcher: Warning: Failed to begin reading directory changes for C:/Users/geras/Downloads/UE4AutotestLecture-master/ActionRPG/Saved/Automation/Comparisons. Error: Системе не удается найти указанный путь. (0x00000003)
[2020.10.18-21.56.22:596][362]LogProfilerClient: Subscribe Session: 4E48FB7B4DFBB6B5E3610CA22426C913
[2020.10.18-21.56.22:618][362]LogProfilerService: Subscribe Session: 4E48FB7B4DFBB6B5E3610CA22426C913, Instance: FCBFAEB94E11943EBF453EB3EB1BF639
[2020.10.18-21.56.24:614][363]LogContentBrowser: Native class hierarchy updated for 'Cascade' in 0.0015 seconds. Added 2 classes and 2 folders.
[2020.10.18-21.56.38:244][258]LogSlate: Took 0.028320 seconds to synchronously load lazily loaded font '../../../Engine/Content/Slate/Fonts/DroidSansMono.ttf' (77K)
[2020.10.18-21.56.41:449][517]Cmd: Automate.OpenMapAndFocusActor /Game/Maps/ActionRPG_P.ActionRPG_P WaveChecker_2
[2020.10.18-21.56.46:074][919]LogUObjectHash: Compacting FUObjectHashTables data took   7.28ms
[2020.10.18-21.56.46:078][919]AutomationTestingLog: New page: -----Test Run 4----
[2020.10.18-21.56.46:078][919]AutomationTestingLog: -----Test Run 4----
[2020.10.18-21.56.46:089][919]LogAutomationController: Display: Test Started. Name={WaveChecker}
[2020.10.18-21.56.46:090][919]LogEditor: Starting PIE for the automation tests for world, ActionRPG_P
[2020.10.18-21.56.46:100][919]LogPlayLevel: PlayLevel: No blueprints needed recompiling
[2020.10.18-21.56.46:101][919]PIE: New page: PIE session: ActionRPG_P (19 окт. 2020 г., 03:56:46)
[2020.10.18-21.56.46:102][919]LogOnline: OSS: Creating online subsystem instance for: NULL
[2020.10.18-21.56.46:103][919]LogOnline: OSS: TryLoadSubsystemAndSetDefault: Loaded subsystem for module [NULL]
[2020.10.18-21.56.46:104][919]LogPlayLevel: Creating play world package: /Game/Maps/UEDPIE_0_ActionRPG_P
[2020.10.18-21.56.46:114][919]LogPlayLevel: PIE: StaticDuplicateObject took: (0.010689s)
[2020.10.18-21.56.46:116][919]LogAIModule: Creating AISystem for world ActionRPG_P
[2020.10.18-21.56.46:116][919]LogAISub: UAISubsystem::UAISubsystem EnvQueryManager (0000027508380600), frame # 3919
[2020.10.18-21.56.46:116][919]LogAISub: UAISubsystem::UAISubsystem AIPerceptionSystem (0000027584C10180), frame # 3919
[2020.10.18-21.56.46:116][919]LogPlayLevel: PIE: World Init took: (0.001676s)
[2020.10.18-21.56.46:116][919]LogPlayLevel: PIE: Created PIE world by copying editor world from /Game/Maps/ActionRPG_P.ActionRPG_P to /Game/Maps/UEDPIE_0_ActionRPG_P.ActionRPG_P (0.012675s)
[2020.10.18-21.56.46:155][919]LogUObjectHash: Compacting FUObjectHashTables data took   4.61ms
[2020.10.18-21.56.46:165][919]LogAudioMixer: Display: Audio Mixer Platform Settings:
[2020.10.18-21.56.46:165][919]LogAudioMixer: Display: 	Sample Rate:						  48000
[2020.10.18-21.56.46:165][919]LogAudioMixer: Display: 	Callback Buffer Frame Size Requested: 1024
[2020.10.18-21.56.46:165][919]LogAudioMixer: Display: 	Callback Buffer Frame Size To Use:	  1024
[2020.10.18-21.56.46:165][919]LogAudioMixer: Display: 	Number of buffers to queue:			  1
[2020.10.18-21.56.46:165][919]LogAudioMixer: Display: 	Max Channels (voices):				  0
[2020.10.18-21.56.46:165][919]LogAudioMixer: Display: 	Number of Async Source Workers:		  4
[2020.10.18-21.56.46:166][919]LogAudio: Display: AudioDevice MaxSources: 32
[2020.10.18-21.56.46:166][919]LogAudio: Display: Using built-in audio occlusion.
[2020.10.18-21.56.46:166][919]LogAudioMixer: Display: Initializing audio mixer.
[2020.10.18-21.56.46:177][919]LogAudioMixer: Display: 0: FrontLeft
[2020.10.18-21.56.46:177][919]LogAudioMixer: Display: 1: FrontRight
[2020.10.18-21.56.46:228][919]LogAudioMixer: Display: Using Audio Device Динамики (VIA HD Audio(Win 10))
[2020.10.18-21.56.46:229][919]LogAudioMixer: Display: Initializing Sound Submixes...
[2020.10.18-21.56.46:229][919]LogAudioMixer: Display: Creating Master Submix 'MasterSubmixDefault'
[2020.10.18-21.56.46:229][919]LogAudioMixer: Display: Creating Master Submix 'MasterReverbSubmixDefault'
[2020.10.18-21.56.46:229][919]LogAudioMixer: Display: Creating Master Submix 'MasterEQSubmixDefault'
[2020.10.18-21.56.46:240][919]LogInit: FAudioDevice initialized.
[2020.10.18-21.56.46:296][919]LogBlueprintUserMessages: [BP_GameInstance_C_0] Loaded Save Game
[2020.10.18-21.56.46:302][919]LogSlate: Updating window title bar state: overlay mode, drag disabled, window buttons hidden, title bar hidden
[2020.10.18-21.56.46:302][919]LogLoad: Game class is 'BP_GameMode_C'
[2020.10.18-21.56.46:468][919]LogStreaming: Display: Flushing async loaders.
[2020.10.18-21.56.51:013][919]LoadErrors: Warning: CreateExport: Failed to load Outer for resource 'MeshComp': Function /Game/Blueprints/AnimNotifies/ShieldNS.ShieldNS_C:Received_NotifyBegin
[2020.10.18-21.56.51:013][919]LoadErrors: Warning: CreateExport: Failed to load Outer for resource 'MeshComp': Function /Game/Blueprints/AnimNotifies/ShieldNS.ShieldNS_C:Received_NotifyEnd
[2020.10.18-21.56.51:013][919]LoadErrors: Warning: CreateExport: Failed to load Outer for resource 'K2Node_DynamicCast_bSuccess': Function /Game/Blueprints/AnimNotifies/ShieldNS.ShieldNS_C:Received_NotifyBegin
[2020.10.18-21.56.51:013][919]LoadErrors: Warning: CreateExport: Failed to load Outer for resource 'ReturnValue': Function /Game/Blueprints/AnimNotifies/ShieldNS.ShieldNS_C:Received_NotifyBegin
[2020.10.18-21.56.51:013][919]LoadErrors: Warning: CreateExport: Failed to load Outer for resource 'K2Node_DynamicCast_bSuccess': Function /Game/Blueprints/AnimNotifies/ShieldNS.ShieldNS_C:Received_NotifyEnd
[2020.10.18-21.56.51:013][919]LoadErrors: Warning: CreateExport: Failed to load Outer for resource 'ReturnValue': Function /Game/Blueprints/AnimNotifies/ShieldNS.ShieldNS_C:Received_NotifyEnd
[2020.10.18-21.56.51:013][919]LoadErrors: Warning: CreateExport: Failed to load Outer for resource 'TotalDuration': Function /Game/Blueprints/AnimNotifies/ShieldNS.ShieldNS_C:Received_NotifyBegin
[2020.10.18-21.56.51:013][919]LoadErrors: Warning: CreateExport: Failed to load Outer for resource 'Animation': Function /Game/Blueprints/AnimNotifies/ShieldNS.ShieldNS_C:Received_NotifyBegin
[2020.10.18-21.56.51:013][919]LoadErrors: Warning: CreateExport: Failed to load Outer for resource 'CallFunc_GetAbilitySystemComponent_ReturnValue': Function /Game/Blueprints/AnimNotifies/ShieldNS.ShieldNS_C:Received_NotifyBegin
[2020.10.18-21.56.51:013][919]LoadErrors: Warning: CreateExport: Failed to load Outer for resource 'CallFunc_GetOwner_ReturnValue': Function /Game/Blueprints/AnimNotifies/ShieldNS.ShieldNS_C:Received_NotifyBegin
[2020.10.18-21.56.51:014][919]LoadErrors: Warning: CreateExport: Failed to load Outer for resource 'K2Node_DynamicCast_AsBP_Character': Function /Game/Blueprints/AnimNotifies/ShieldNS.ShieldNS_C:Received_NotifyBegin
[2020.10.18-21.56.51:014][919]LoadErrors: Warning: CreateExport: Failed to load Outer for resource 'Animation': Function /Game/Blueprints/AnimNotifies/ShieldNS.ShieldNS_C:Received_NotifyEnd
[2020.10.18-21.56.51:014][919]LoadErrors: Warning: CreateExport: Failed to load Outer for resource 'CallFunc_GetAbilitySystemComponent_ReturnValue': Function /Game/Blueprints/AnimNotifies/ShieldNS.ShieldNS_C:Received_NotifyEnd
[2020.10.18-21.56.51:014][919]LoadErrors: Warning: CreateExport: Failed to load Outer for resource 'CallFunc_GetOwner_ReturnValue': Function /Game/Blueprints/AnimNotifies/ShieldNS.ShieldNS_C:Received_NotifyEnd
[2020.10.18-21.56.51:014][919]LoadErrors: Warning: CreateExport: Failed to load Outer for resource 'K2Node_DynamicCast_AsBP_Character': Function /Game/Blueprints/AnimNotifies/ShieldNS.ShieldNS_C:Received_NotifyEnd
[2020.10.18-21.56.51:014][919]LoadErrors: Warning: CreateExport: Failed to load Outer for resource 'CallFunc_BP_ApplyGameplayEffectToSelf_ReturnValue': Function /Game/Blueprints/AnimNotifies/ShieldNS.ShieldNS_C:Received_NotifyBegin
[2020.10.18-21.56.51:014][919]LoadErrors: Warning: CreateExport: Failed to load Outer for resource 'MeshComp': Function /Game/Blueprints/AnimNotifies/SlomoNS.SlomoNS_C:Received_NotifyBegin
[2020.10.18-21.56.51:014][919]LoadErrors: Warning: CreateExport: Failed to load Outer for resource 'MeshComp': Function /Game/Blueprints/AnimNotifies/SlomoNS.SlomoNS_C:Received_NotifyEnd
[2020.10.18-21.56.51:014][919]LoadErrors: Warning: CreateExport: Failed to load Outer for resource 'ReturnValue': Function /Game/Blueprints/AnimNotifies/SlomoNS.SlomoNS_C:Received_NotifyBegin
[2020.10.18-21.56.51:014][919]LoadErrors: Warning: CreateExport: Failed to load Outer for resource 'ReturnValue': Function /Game/Blueprints/AnimNotifies/SlomoNS.SlomoNS_C:Received_NotifyEnd
[2020.10.18-21.56.51:014][919]LoadErrors: Warning: CreateExport: Failed to load Outer for resource 'TotalDuration': Function /Game/Blueprints/AnimNotifies/SlomoNS.SlomoNS_C:Received_NotifyBegin
[2020.10.18-21.56.51:014][919]LoadErrors: Warning: CreateExport: Failed to load Outer for resource 'Animation': Function /Game/Blueprints/AnimNotifies/SlomoNS.SlomoNS_C:Received_NotifyBegin
[2020.10.18-21.56.51:014][919]LoadErrors: Warning: CreateExport: Failed to load Outer for resource 'CallFunc_GetPlayerCharacterBP_MyCharacter': Function /Game/Blueprints/AnimNotifies/SlomoNS.SlomoNS_C:Received_NotifyBegin
[2020.10.18-21.56.51:014][919]LoadErrors: Warning: CreateExport: Failed to load Outer for resource 'Animation': Function /Game/Blueprints/AnimNotifies/SlomoNS.SlomoNS_C:Received_NotifyEnd
[2020.10.18-21.56.51:015][919]LoadErrors: Warning: CreateExport: Failed to load Outer for resource 'CallFunc_GetPlayerCharacterBP_MyCharacter': Function /Game/Blueprints/AnimNotifies/SlomoNS.SlomoNS_C:Received_NotifyEnd
[2020.10.18-21.56.51:017][919]LogWorld: Bringing World /Game/Maps/UEDPIE_0_ActionRPG_P.ActionRPG_P up for play (max tick rate 0) at 2020.10.19-00.56.51
[2020.10.18-21.56.51:018][919]LogWorld: Bringing up level for play took: 0.002165
[2020.10.18-21.56.51:020][919]LogOnline: OSS: Creating online subsystem instance for: :Context_2
[2020.10.18-21.56.51:022][919]LogSpawn: Warning: SpawnActor failed because no class was specified
[2020.10.18-21.56.51:158][919]LogContentBrowser: Native class hierarchy updated for 'MovieSceneCapture' in 0.0015 seconds. Added 20 classes and 0 folders.
[2020.10.18-21.56.51:221][919]LogLevel: ActivateLevel /Game/Maps/UEDPIE_0_ActionRPG_Dungeon02_Asset 1 1 1
[2020.10.18-21.56.51:224][919]PIE: Server logged in
[2020.10.18-21.56.51:225][919]PIE: Play in editor total start time 5,135 seconds.
[2020.10.18-21.56.51:863][920]LogBlueprintUserMessages: [BP_PlayerCharacter_C_0] 100.0
[2020.10.18-21.56.51:939][920]LogRenderer: Reallocating scene render targets to support 1504x720 Format 10 NumSamples 1 (Frame:1).
[2020.10.18-21.56.51:939][920]LogFunctionalTest: Running tests indicated by Repro String: WaveChecker_2
[2020.10.18-21.56.52:063][921]LogUObjectHash: Compacting FUObjectHashTables data took   6.91ms
[2020.10.18-21.56.52:066][921]LogBlueprintUserMessages: [BP_PlayerCharacter_C_0] 100.0
[2020.10.18-21.56.52:085][922]LogBlueprintUserMessages: [BP_PlayerCharacter_C_0] 100.0
[2020.10.18-21.56.52:101][923]LogBlueprintUserMessages: [BP_PlayerCharacter_C_0] 100.0
[2020.10.18-21.56.52:124][924]LogBlueprintUserMessages: [BP_PlayerCharacter_C_0] 100.0
[2020.10.18-21.56.52:158][925]LogBlueprintUserMessages: [BP_PlayerCharacter_C_0] 100.0
[2020.10.18-21.56.52:262][926]LogBlueprintUserMessages: [BP_PlayerCharacter_C_0] 100.0
[2020.10.18-21.56.52:281][927]LogBlueprintUserMessages: [BP_PlayerCharacter_C_0] 100.0
[2020.10.18-21.56.52:298][928]LogBlueprintUserMessages: [BP_PlayerCharacter_C_0] 100.0
[2020.10.18-21.56.52:314][929]LogBlueprintUserMessages: [BP_PlayerCharacter_C_0] 100.0
[2020.10.18-21.56.52:331][930]LogBlueprintUserMessages: [BP_PlayerCharacter_C_0] 100.0
[2020.10.18-21.56.52:347][931]LogBlueprintUserMessages: [BP_PlayerCharacter_C_0] 100.0
[2020.10.18-21.56.52:364][932]LogBlueprintUserMessages: [BP_PlayerCharacter_C_0] 100.0
[2020.10.18-21.56.52:380][933]LogBlueprintUserMessages: [BP_PlayerCharacter_C_0] 100.0
[2020.10.18-21.56.52:397][934]LogBlueprintUserMessages: [BP_PlayerCharacter_C_0] 100.0
[2020.10.18-21.56.52:414][935]LogBlueprintUserMessages: [BP_PlayerCharacter_C_0] 100.0
[2020.10.18-21.56.52:431][936]LogBlueprintUserMessages: [BP_PlayerCharacter_C_0] 100.0
[2020.10.18-21.56.52:447][937]LogBlueprintUserMessages: [BP_PlayerCharacter_C_0] 100.0
[2020.10.18-21.56.52:464][938]LogBlueprintUserMessages: [BP_PlayerCharacter_C_0] 100.0
[2020.10.18-21.56.52:480][939]LogBlueprintUserMessages: [BP_PlayerCharacter_C_0] 100.0
[2020.10.18-21.56.52:540][940]LogBlueprintUserMessages: [BP_PlayerCharacter_C_0] 100.0
[2020.10.18-21.56.52:557][941]LogBlueprintUserMessages: [BP_PlayerCharacter_C_0] 100.0
[2020.10.18-21.56.52:574][942]LogBlueprintUserMessages: [BP_PlayerCharacter_C_0] 100.0
[2020.10.18-21.56.52:590][943]LogBlueprintUserMessages: [BP_PlayerCharacter_C_0] 100.0
[2020.10.18-21.56.52:606][944]LogBlueprintUserMessages: [BP_PlayerCharacter_C_0] 100.0
[2020.10.18-21.56.52:623][945]LogBlueprintUserMessages: [BP_PlayerCharacter_C_0] 100.0
[2020.10.18-21.56.52:640][946]LogBlueprintUserMessages: [BP_PlayerCharacter_C_0] 100.0
[2020.10.18-21.56.52:655][947]LogBlueprintUserMessages: [BP_PlayerCharacter_C_0] 100.0
[2020.10.18-21.56.52:670][948]LogBlueprintUserMessages: [BP_PlayerCharacter_C_0] 100.0
[2020.10.18-21.56.52:685][949]LogBlueprintUserMessages: [BP_PlayerCharacter_C_0] 100.0
[2020.10.18-21.56.52:699][950]LogBlueprintUserMessages: [BP_PlayerCharacter_C_0] 100.0
[2020.10.18-21.56.52:714][951]LogBlueprintUserMessages: [BP_PlayerCharacter_C_0] 100.0
[2020.10.18-21.56.52:730][952]LogBlueprintUserMessages: [BP_PlayerCharacter_C_0] 100.0
[2020.10.18-21.56.52:746][953]LogBlueprintUserMessages: [BP_PlayerCharacter_C_0] 100.0
[2020.10.18-21.56.52:763][954]LogBlueprintUserMessages: [BP_PlayerCharacter_C_0] 100.0
[2020.10.18-21.56.52:779][955]LogBlueprintUserMessages: [BP_PlayerCharacter_C_0] 100.0
[2020.10.18-21.56.52:794][956]LogBlueprintUserMessages: [BP_PlayerCharacter_C_0] 100.0
[2020.10.18-21.56.52:808][957]LogBlueprintUserMessages: [BP_PlayerCharacter_C_0] 100.0
[2020.10.18-21.56.52:824][958]LogBlueprintUserMessages: [BP_PlayerCharacter_C_0] 100.0
[2020.10.18-21.56.52:841][959]LogBlueprintUserMessages: [BP_PlayerCharacter_C_0] 100.0
[2020.10.18-21.56.52:857][960]LogBlueprintUserMessages: [BP_PlayerCharacter_C_0] 100.0
[2020.10.18-21.56.52:873][961]LogBlueprintUserMessages: [BP_PlayerCharacter_C_0] 100.0
[2020.10.18-21.56.52:888][962]LogBlueprintUserMessages: [BP_PlayerCharacter_C_0] 100.0
[2020.10.18-21.56.52:904][963]LogBlueprintUserMessages: [BP_PlayerCharacter_C_0] 100.0
[2020.10.18-21.56.52:918][964]LogBlueprintUserMessages: [BP_PlayerCharacter_C_0] 100.0
[2020.10.18-21.56.52:934][965]LogBlueprintUserMessages: [BP_PlayerCharacter_C_0] 100.0
[2020.10.18-21.56.52:949][966]LogBlueprintUserMessages: [BP_PlayerCharacter_C_0] 100.0
[2020.10.18-21.56.52:964][967]LogBlueprintUserMessages: [BP_PlayerCharacter_C_0] 100.0
[2020.10.18-21.56.52:978][968]LogBlueprintUserMessages: [BP_PlayerCharacter_C_0] 100.0
[2020.10.18-21.56.52:994][969]LogBlueprintUserMessages: [BP_PlayerCharacter_C_0] 100.0
[2020.10.18-21.56.53:009][970]LogBlueprintUserMessages: [BP_PlayerCharacter_C_0] 100.0
[2020.10.18-21.56.53:025][971]LogBlueprintUserMessages: [BP_PlayerCharacter_C_0] 100.0
[2020.10.18-21.56.53:040][972]LogBlueprintUserMessages: [BP_PlayerCharacter_C_0] 100.0
[2020.10.18-21.56.53:055][973]LogBlueprintUserMessages: [BP_PlayerCharacter_C_0] 100.0
[2020.10.18-21.56.53:070][974]LogBlueprintUserMessages: [BP_PlayerCharacter_C_0] 100.0
[2020.10.18-21.56.53:085][975]LogBlueprintUserMessages: [BP_PlayerCharacter_C_0] 100.0
[2020.10.18-21.56.53:099][976]LogBlueprintUserMessages: [BP_PlayerCharacter_C_0] 100.0
[2020.10.18-21.56.53:114][977]LogBlueprintUserMessages: [BP_PlayerCharacter_C_0] 100.0
[2020.10.18-21.56.53:129][978]LogBlueprintUserMessages: [BP_PlayerCharacter_C_0] 100.0
[2020.10.18-21.56.53:144][979]LogBlueprintUserMessages: [BP_PlayerCharacter_C_0] 100.0
[2020.10.18-21.56.53:159][980]LogBlueprintUserMessages: [BP_PlayerCharacter_C_0] 100.0
[2020.10.18-21.56.53:174][981]LogBlueprintUserMessages: [BP_PlayerCharacter_C_0] 100.0
[2020.10.18-21.56.53:188][982]LogBlueprintUserMessages: [BP_PlayerCharacter_C_0] 100.0
[2020.10.18-21.56.53:204][983]LogBlueprintUserMessages: [BP_PlayerCharacter_C_0] 100.0
[2020.10.18-21.56.53:218][984]LogBlueprintUserMessages: [BP_PlayerCharacter_C_0] 100.0
[2020.10.18-21.56.53:234][985]LogBlueprintUserMessages: [BP_PlayerCharacter_C_0] 100.0
[2020.10.18-21.56.53:249][986]LogBlueprintUserMessages: [BP_PlayerCharacter_C_0] 100.0
[2020.10.18-21.56.53:263][987]LogBlueprintUserMessages: [BP_PlayerCharacter_C_0] 100.0
[2020.10.18-21.56.53:279][988]LogBlueprintUserMessages: [BP_PlayerCharacter_C_0] 100.0
[2020.10.18-21.56.53:294][989]LogBlueprintUserMessages: [BP_PlayerCharacter_C_0] 100.0
[2020.10.18-21.56.53:309][990]LogBlueprintUserMessages: [BP_PlayerCharacter_C_0] 100.0
[2020.10.18-21.56.53:325][991]LogBlueprintUserMessages: [BP_PlayerCharacter_C_0] 100.0
[2020.10.18-21.56.53:340][992]LogBlueprintUserMessages: [BP_PlayerCharacter_C_0] 100.0
[2020.10.18-21.56.53:356][993]LogBlueprintUserMessages: [BP_PlayerCharacter_C_0] 100.0
[2020.10.18-21.56.53:371][994]LogBlueprintUserMessages: [BP_PlayerCharacter_C_0] 100.0
[2020.10.18-21.56.53:386][995]LogBlueprintUserMessages: [BP_PlayerCharacter_C_0] 100.0
[2020.10.18-21.56.53:400][996]LogBlueprintUserMessages: [BP_PlayerCharacter_C_0] 100.0
[2020.10.18-21.56.53:414][997]LogBlueprintUserMessages: [BP_PlayerCharacter_C_0] 100.0
[2020.10.18-21.56.53:429][998]LogBlueprintUserMessages: [BP_PlayerCharacter_C_0] 100.0
[2020.10.18-21.56.53:443][999]LogBlueprintUserMessages: [BP_PlayerCharacter_C_0] 100.0
[2020.10.18-21.56.53:458][  0]LogBlueprintUserMessages: [BP_PlayerCharacter_C_0] 100.0
[2020.10.18-21.56.53:473][  1]LogBlueprintUserMessages: [BP_PlayerCharacter_C_0] 100.0
[2020.10.18-21.56.53:487][  2]LogBlueprintUserMessages: [BP_PlayerCharacter_C_0] 100.0
[2020.10.18-21.56.53:503][  3]LogBlueprintUserMessages: [BP_PlayerCharacter_C_0] 100.0
[2020.10.18-21.56.53:518][  4]LogBlueprintUserMessages: [BP_PlayerCharacter_C_0] 100.0
[2020.10.18-21.56.53:534][  5]LogBlueprintUserMessages: [BP_PlayerCharacter_C_0] 100.0
[2020.10.18-21.56.53:548][  6]LogBlueprintUserMessages: [BP_PlayerCharacter_C_0] 100.0
[2020.10.18-21.56.53:563][  7]LogBlueprintUserMessages: [BP_PlayerCharacter_C_0] 100.0
[2020.10.18-21.56.53:583][  8]LogBlueprintUserMessages: [BP_PlayerCharacter_C_0] 100.0
[2020.10.18-21.56.53:597][  9]LogBlueprintUserMessages: [BP_PlayerCharacter_C_0] 100.0
[2020.10.18-21.56.53:612][ 10]LogBlueprintUserMessages: [BP_PlayerCharacter_C_0] 100.0
[2020.10.18-21.56.53:628][ 11]LogBlueprintUserMessages: [BP_PlayerCharacter_C_0] 100.0
[2020.10.18-21.56.53:642][ 12]LogBlueprintUserMessages: [BP_PlayerCharacter_C_0] 100.0
[2020.10.18-21.56.53:657][ 13]LogBlueprintUserMessages: [BP_PlayerCharacter_C_0] 100.0
[2020.10.18-21.56.53:672][ 14]LogBlueprintUserMessages: [BP_PlayerCharacter_C_0] 100.0
[2020.10.18-21.56.53:687][ 15]LogBlueprintUserMessages: [BP_PlayerCharacter_C_0] 100.0
[2020.10.18-21.56.53:701][ 16]LogBlueprintUserMessages: [BP_PlayerCharacter_C_0] 100.0
[2020.10.18-21.56.53:717][ 17]LogBlueprintUserMessages: [BP_PlayerCharacter_C_0] 100.0
[2020.10.18-21.56.53:733][ 18]LogBlueprintUserMessages: [BP_PlayerCharacter_C_0] 100.0
[2020.10.18-21.56.53:748][ 19]LogBlueprintUserMessages: [BP_PlayerCharacter_C_0] 100.0
[2020.10.18-21.56.53:763][ 20]LogBlueprintUserMessages: [BP_PlayerCharacter_C_0] 100.0
[2020.10.18-21.56.53:778][ 21]LogBlueprintUserMessages: [BP_PlayerCharacter_C_0] 100.0
[2020.10.18-21.56.53:792][ 22]LogBlueprintUserMessages: [BP_PlayerCharacter_C_0] 100.0
[2020.10.18-21.56.53:807][ 23]LogBlueprintUserMessages: [BP_PlayerCharacter_C_0] 100.0
[2020.10.18-21.56.53:821][ 24]LogBlueprintUserMessages: [BP_PlayerCharacter_C_0] 100.0
[2020.10.18-21.56.53:837][ 25]LogBlueprintUserMessages: [BP_PlayerCharacter_C_0] 100.0
[2020.10.18-21.56.53:851][ 26]LogBlueprintUserMessages: [BP_PlayerCharacter_C_0] 100.0
[2020.10.18-21.56.53:866][ 27]LogBlueprintUserMessages: [BP_PlayerCharacter_C_0] 100.0
[2020.10.18-21.56.53:880][ 28]LogBlueprintUserMessages: [BP_PlayerCharacter_C_0] 100.0
[2020.10.18-21.56.53:895][ 29]LogBlueprintUserMessages: [BP_PlayerCharacter_C_0] 100.0
[2020.10.18-21.56.53:909][ 30]LogBlueprintUserMessages: [BP_PlayerCharacter_C_0] 100.0
[2020.10.18-21.56.53:924][ 31]LogBlueprintUserMessages: [BP_PlayerCharacter_C_0] 100.0
[2020.10.18-21.56.53:938][ 32]LogBlueprintUserMessages: [BP_PlayerCharacter_C_0] 100.0
[2020.10.18-21.56.53:954][ 33]LogBlueprintUserMessages: [BP_PlayerCharacter_C_0] 100.0
[2020.10.18-21.56.53:969][ 34]LogBlueprintUserMessages: [BP_PlayerCharacter_C_0] 100.0
[2020.10.18-21.56.53:983][ 35]LogBlueprintUserMessages: [BP_PlayerCharacter_C_0] 100.0
[2020.10.18-21.56.53:998][ 36]LogBlueprintUserMessages: [BP_PlayerCharacter_C_0] 100.0
[2020.10.18-21.56.54:013][ 37]LogBlueprintUserMessages: [BP_PlayerCharacter_C_0] 100.0
[2020.10.18-21.56.54:028][ 38]LogBlueprintUserMessages: [BP_PlayerCharacter_C_0] 100.0
[2020.10.18-21.56.54:042][ 39]LogBlueprintUserMessages: [BP_PlayerCharacter_C_0] 100.0
[2020.10.18-21.56.54:057][ 40]LogBlueprintUserMessages: [BP_PlayerCharacter_C_0] 100.0
[2020.10.18-21.56.54:072][ 41]LogBlueprintUserMessages: [BP_PlayerCharacter_C_0] 100.0
[2020.10.18-21.56.54:088][ 42]LogBlueprintUserMessages: [BP_PlayerCharacter_C_0] 100.0
[2020.10.18-21.56.54:103][ 43]LogBlueprintUserMessages: [BP_PlayerCharacter_C_0] 100.0
[2020.10.18-21.56.54:118][ 44]LogBlueprintUserMessages: [BP_PlayerCharacter_C_0] 100.0
[2020.10.18-21.56.54:134][ 45]LogBlueprintUserMessages: [BP_PlayerCharacter_C_0] 100.0
[2020.10.18-21.56.54:148][ 46]LogBlueprintUserMessages: [BP_PlayerCharacter_C_0] 100.0
[2020.10.18-21.56.54:163][ 47]LogBlueprintUserMessages: [BP_PlayerCharacter_C_0] 100.0
[2020.10.18-21.56.54:179][ 48]LogBlueprintUserMessages: [BP_PlayerCharacter_C_0] 100.0
[2020.10.18-21.56.54:194][ 49]LogBlueprintUserMessages: [BP_PlayerCharacter_C_0] 100.0
[2020.10.18-21.56.54:208][ 50]LogBlueprintUserMessages: [BP_PlayerCharacter_C_0] 100.0
[2020.10.18-21.56.54:223][ 51]LogBlueprintUserMessages: [BP_PlayerCharacter_C_0] 100.0
[2020.10.18-21.56.54:238][ 52]LogBlueprintUserMessages: [BP_PlayerCharacter_C_0] 100.0
[2020.10.18-21.56.54:253][ 53]LogBlueprintUserMessages: [BP_PlayerCharacter_C_0] 100.0
[2020.10.18-21.56.54:268][ 54]LogBlueprintUserMessages: [BP_PlayerCharacter_C_0] 100.0
[2020.10.18-21.56.54:282][ 55]LogBlueprintUserMessages: [BP_PlayerCharacter_C_0] 100.0
[2020.10.18-21.56.54:296][ 56]LogBlueprintUserMessages: [BP_PlayerCharacter_C_0] 100.0
[2020.10.18-21.56.54:310][ 57]LogBlueprintUserMessages: [BP_PlayerCharacter_C_0] 100.0
[2020.10.18-21.56.54:325][ 58]LogBlueprintUserMessages: [BP_PlayerCharacter_C_0] 100.0
[2020.10.18-21.56.54:340][ 59]LogBlueprintUserMessages: [BP_PlayerCharacter_C_0] 100.0
[2020.10.18-21.56.54:356][ 60]LogBlueprintUserMessages: [BP_PlayerCharacter_C_0] 100.0
[2020.10.18-21.56.54:370][ 61]LogBlueprintUserMessages: [BP_PlayerCharacter_C_0] 100.0
[2020.10.18-21.56.54:386][ 62]LogBlueprintUserMessages: [BP_PlayerCharacter_C_0] 100.0
[2020.10.18-21.56.54:400][ 63]LogBlueprintUserMessages: [BP_PlayerCharacter_C_0] 100.0
[2020.10.18-21.56.54:415][ 64]LogBlueprintUserMessages: [BP_PlayerCharacter_C_0] 100.0
[2020.10.18-21.56.54:429][ 65]LogBlueprintUserMessages: [BP_PlayerCharacter_C_0] 100.0
[2020.10.18-21.56.54:444][ 66]LogBlueprintUserMessages: [BP_PlayerCharacter_C_0] 100.0
[2020.10.18-21.56.54:459][ 67]LogBlueprintUserMessages: [BP_PlayerCharacter_C_0] 100.0
[2020.10.18-21.56.54:474][ 68]LogBlueprintUserMessages: [BP_PlayerCharacter_C_0] 100.0
[2020.10.18-21.56.54:488][ 69]LogBlueprintUserMessages: [BP_PlayerCharacter_C_0] 100.0
[2020.10.18-21.56.54:503][ 70]LogBlueprintUserMessages: [BP_PlayerCharacter_C_0] 100.0
[2020.10.18-21.56.54:517][ 71]LogBlueprintUserMessages: [BP_PlayerCharacter_C_0] 100.0
[2020.10.18-21.56.54:530][ 72]LogBlueprintUserMessages: [BP_PlayerCharacter_C_0] 100.0
[2020.10.18-21.56.54:546][ 73]LogBlueprintUserMessages: [BP_PlayerCharacter_C_0] 100.0
[2020.10.18-21.56.54:560][ 74]LogBlueprintUserMessages: [BP_PlayerCharacter_C_0] 100.0
[2020.10.18-21.56.54:576][ 75]LogBlueprintUserMessages: [BP_PlayerCharacter_C_0] 100.0
[2020.10.18-21.56.54:591][ 76]LogBlueprintUserMessages: [BP_PlayerCharacter_C_0] 100.0
[2020.10.18-21.56.54:607][ 77]LogBlueprintUserMessages: [BP_PlayerCharacter_C_0] 100.0
[2020.10.18-21.56.54:622][ 78]LogBlueprintUserMessages: [BP_PlayerCharacter_C_0] 100.0
[2020.10.18-21.56.54:636][ 79]LogBlueprintUserMessages: [BP_PlayerCharacter_C_0] 100.0
[2020.10.18-21.56.54:652][ 80]LogBlueprintUserMessages: [BP_PlayerCharacter_C_0] 100.0
[2020.10.18-21.56.54:667][ 81]LogBlueprintUserMessages: [BP_PlayerCharacter_C_0] 100.0
[2020.10.18-21.56.54:682][ 82]LogBlueprintUserMessages: [BP_PlayerCharacter_C_0] 100.0
[2020.10.18-21.56.54:696][ 83]LogBlueprintUserMessages: [BP_PlayerCharacter_C_0] 100.0
[2020.10.18-21.56.54:713][ 84]LogBlueprintUserMessages: [BP_PlayerCharacter_C_0] 100.0
[2020.10.18-21.56.54:729][ 85]LogBlueprintUserMessages: [BP_PlayerCharacter_C_0] 100.0
[2020.10.18-21.56.54:744][ 86]LogBlueprintUserMessages: [BP_PlayerCharacter_C_0] 100.0
[2020.10.18-21.56.54:759][ 87]LogBlueprintUserMessages: [BP_PlayerCharacter_C_0] 100.0
[2020.10.18-21.56.54:775][ 88]LogBlueprintUserMessages: [BP_PlayerCharacter_C_0] 100.0
[2020.10.18-21.56.54:790][ 89]LogBlueprintUserMessages: [BP_PlayerCharacter_C_0] 100.0
[2020.10.18-21.56.54:805][ 90]LogBlueprintUserMessages: [BP_PlayerCharacter_C_0] 100.0
[2020.10.18-21.56.54:819][ 91]LogBlueprintUserMessages: [BP_PlayerCharacter_C_0] 100.0
[2020.10.18-21.56.54:833][ 92]LogBlueprintUserMessages: [BP_PlayerCharacter_C_0] 100.0
[2020.10.18-21.56.54:847][ 93]LogBlueprintUserMessages: [BP_PlayerCharacter_C_0] 100.0
[2020.10.18-21.56.54:863][ 94]LogBlueprintUserMessages: [BP_PlayerCharacter_C_0] 100.0
[2020.10.18-21.56.54:878][ 95]LogBlueprintUserMessages: [BP_PlayerCharacter_C_0] 100.0
[2020.10.18-21.56.54:892][ 96]LogBlueprintUserMessages: [BP_PlayerCharacter_C_0] 100.0
[2020.10.18-21.56.54:907][ 97]LogBlueprintUserMessages: [BP_PlayerCharacter_C_0] 100.0
[2020.10.18-21.56.54:921][ 98]LogBlueprintUserMessages: [BP_PlayerCharacter_C_0] 100.0
[2020.10.18-21.56.54:936][ 99]LogBlueprintUserMessages: [BP_PlayerCharacter_C_0] 100.0
[2020.10.18-21.56.54:950][100]LogBlueprintUserMessages: [BP_PlayerCharacter_C_0] 100.0
[2020.10.18-21.56.54:966][101]LogBlueprintUserMessages: [BP_PlayerCharacter_C_0] 100.0
[2020.10.18-21.56.54:979][102]LogBlueprintUserMessages: [BP_PlayerCharacter_C_0] 100.0
[2020.10.18-21.56.54:994][103]LogBlueprintUserMessages: [BP_PlayerCharacter_C_0] 100.0
[2020.10.18-21.56.55:009][104]LogBlueprintUserMessages: [BP_PlayerCharacter_C_0] 100.0
[2020.10.18-21.56.55:025][105]LogBlueprintUserMessages: [BP_PlayerCharacter_C_0] 100.0
[2020.10.18-21.56.55:040][106]LogBlueprintUserMessages: [BP_PlayerCharacter_C_0] 100.0
[2020.10.18-21.56.55:056][107]LogBlueprintUserMessages: [BP_PlayerCharacter_C_0] 100.0
[2020.10.18-21.56.55:071][108]LogBlueprintUserMessages: [BP_PlayerCharacter_C_0] 100.0
[2020.10.18-21.56.55:086][109]LogBlueprintUserMessages: [BP_PlayerCharacter_C_0] 100.0
[2020.10.18-21.56.55:101][110]LogBlueprintUserMessages: [BP_PlayerCharacter_C_0] 100.0
[2020.10.18-21.56.55:116][111]LogBlueprintUserMessages: [BP_PlayerCharacter_C_0] 100.0
[2020.10.18-21.56.55:131][112]LogBlueprintUserMessages: [BP_PlayerCharacter_C_0] 100.0
[2020.10.18-21.56.55:147][113]LogBlueprintUserMessages: [BP_PlayerCharacter_C_0] 100.0
[2020.10.18-21.56.55:162][114]LogBlueprintUserMessages: [BP_PlayerCharacter_C_0] 100.0
[2020.10.18-21.56.55:202][115]LogBlueprintUserMessages: [BP_PlayerCharacter_C_0] 100.0
[2020.10.18-21.56.55:217][116]LogBlueprintUserMessages: [BP_PlayerCharacter_C_0] 100.0
[2020.10.18-21.56.55:232][117]LogBlueprintUserMessages: [BP_PlayerCharacter_C_0] 100.0
[2020.10.18-21.56.55:248][118]LogBlueprintUserMessages: [BP_PlayerCharacter_C_0] 100.0
[2020.10.18-21.56.55:264][119]LogBlueprintUserMessages: [BP_PlayerCharacter_C_0] 100.0
[2020.10.18-21.56.55:280][120]LogBlueprintUserMessages: [BP_PlayerCharacter_C_0] 100.0
[2020.10.18-21.56.55:296][121]LogBlueprintUserMessages: [BP_PlayerCharacter_C_0] 100.0
[2020.10.18-21.56.55:312][122]LogBlueprintUserMessages: [BP_PlayerCharacter_C_0] 100.0
[2020.10.18-21.56.55:328][123]LogBlueprintUserMessages: [BP_PlayerCharacter_C_0] 100.0
[2020.10.18-21.56.55:342][124]LogBlueprintUserMessages: [BP_PlayerCharacter_C_0] 100.0
[2020.10.18-21.56.55:357][125]LogBlueprintUserMessages: [BP_PlayerCharacter_C_0] 100.0
[2020.10.18-21.56.55:372][126]LogBlueprintUserMessages: [BP_PlayerCharacter_C_0] 100.0
[2020.10.18-21.56.55:387][127]LogBlueprintUserMessages: [BP_PlayerCharacter_C_0] 100.0
[2020.10.18-21.56.55:401][128]LogBlueprintUserMessages: [BP_PlayerCharacter_C_0] 100.0
[2020.10.18-21.56.55:417][129]LogBlueprintUserMessages: [BP_PlayerCharacter_C_0] 100.0
[2020.10.18-21.56.55:431][130]LogBlueprintUserMessages: [BP_PlayerCharacter_C_0] 100.0
[2020.10.18-21.56.55:446][131]LogBlueprintUserMessages: [BP_PlayerCharacter_C_0] 100.0
[2020.10.18-21.56.55:462][132]LogBlueprintUserMessages: [BP_PlayerCharacter_C_0] 100.0
[2020.10.18-21.56.55:477][133]LogBlueprintUserMessages: [BP_PlayerCharacter_C_0] 100.0
[2020.10.18-21.56.55:491][134]LogBlueprintUserMessages: [BP_PlayerCharacter_C_0] 100.0
[2020.10.18-21.56.55:507][135]LogBlueprintUserMessages: [BP_PlayerCharacter_C_0] 100.0
[2020.10.18-21.56.55:522][136]LogBlueprintUserMessages: [BP_PlayerCharacter_C_0] 100.0
[2020.10.18-21.56.55:537][137]LogBlueprintUserMessages: [BP_PlayerCharacter_C_0] 100.0
[2020.10.18-21.56.55:552][138]LogOutputDevice: Warning: 

Script Stack (2 frames):
WaveChecker_C.KillAllEnemy
WaveChecker_C.ExecuteUbergraph_WaveChecker

[2020.10.18-21.56.56:006][138]LogWindows: Windows GetLastError: Операция успешно завершена. (0)
[2020.10.18-21.56.58:698][138]LogWindows: Error: === Critical error: ===
[2020.10.18-21.56.58:698][138]LogWindows: Error: 
[2020.10.18-21.56.58:698][138]LogWindows: Error: Assertion failed: IsValid() [File:D:\Build\++UE4+Licensee\Sync\Engine\Source\Runtime\Core\Public\Templates/SharedPointer.h] [Line: 890] 
[2020.10.18-21.56.58:699][138]LogWindows: Error: 
[2020.10.18-21.56.58:699][138]LogWindows: Error: 
[2020.10.18-21.56.58:699][138]LogWindows: Error: 
[2020.10.18-21.56.58:699][138]LogWindows: Error: [Callstack] 0x00007ffcc07ea799 KERNELBASE.dll!UnknownFunction []
[2020.10.18-21.56.58:699][138]LogWindows: Error: [Callstack] 0x00007ffc6899e9e6 UE4Editor-Core.dll!UnknownFunction []
[2020.10.18-21.56.58:699][138]LogWindows: Error: [Callstack] 0x00007ffc689a1dc8 UE4Editor-Core.dll!UnknownFunction []
[2020.10.18-21.56.58:699][138]LogWindows: Error: [Callstack] 0x00007ffc6872e53d UE4Editor-Core.dll!UnknownFunction []
[2020.10.18-21.56.58:699][138]LogWindows: Error: [Callstack] 0x00007ffc686b97b5 UE4Editor-Core.dll!UnknownFunction []
[2020.10.18-21.56.58:699][138]LogWindows: Error: [Callstack] 0x00007ffc686bbaf0 UE4Editor-Core.dll!UnknownFunction []
[2020.10.18-21.56.58:699][138]LogWindows: Error: [Callstack] 0x00007ffc4ee8d962 UE4Editor-GameplayAbilities.dll!UnknownFunction []
[2020.10.18-21.56.58:699][138]LogWindows: Error: [Callstack] 0x00007ffc4ef6ab63 UE4Editor-GameplayAbilities.dll!UnknownFunction []
[2020.10.18-21.56.58:699][138]LogWindows: Error: [Callstack] 0x00007ffc6815a635 UE4Editor-CoreUObject.dll!UnknownFunction []
[2020.10.18-21.56.58:699][138]LogWindows: Error: [Callstack] 0x00007ffc6815c9f1 UE4Editor-CoreUObject.dll!UnknownFunction []
[2020.10.18-21.56.58:700][138]LogWindows: Error: [Callstack] 0x00007ffc6813574d UE4Editor-CoreUObject.dll!UnknownFunction []
[2020.10.18-21.56.58:700][138]LogWindows: Error: [Callstack] 0x00007ffc68103bea UE4Editor-CoreUObject.dll!UnknownFunction []
[2020.10.18-21.56.58:700][138]LogWindows: Error: [Callstack] 0x00007ffc68135392 UE4Editor-CoreUObject.dll!UnknownFunction []
[2020.10.18-21.56.58:700][138]LogWindows: Error: [Callstack] 0x00007ffc6813574d UE4Editor-CoreUObject.dll!UnknownFunction []
[2020.10.18-21.56.58:700][138]LogWindows: Error: [Callstack] 0x00007ffc68134c54 UE4Editor-CoreUObject.dll!UnknownFunction []
[2020.10.18-21.56.58:700][138]LogWindows: Error: [Callstack] 0x00007ffc67ec0ae4 UE4Editor-CoreUObject.dll!UnknownFunction []
[2020.10.18-21.56.58:700][138]LogWindows: Error: [Callstack] 0x00007ffc68134783 UE4Editor-CoreUObject.dll!UnknownFunction []
[2020.10.18-21.56.58:700][138]LogWindows: Error: [Callstack] 0x00007ffc6515a025 UE4Editor-Engine.dll!UnknownFunction []
[2020.10.18-21.56.58:700][138]LogWindows: Error: [Callstack] 0x00007ffc659ea528 UE4Editor-Engine.dll!UnknownFunction []
[2020.10.18-21.56.58:700][138]LogWindows: Error: [Callstack] 0x00007ffc659cb57f UE4Editor-Engine.dll!UnknownFunction []
[2020.10.18-21.56.58:700][138]LogWindows: Error: [Callstack] 0x00007ffc65172e28 UE4Editor-Engine.dll!UnknownFunction []
[2020.10.18-21.56.58:700][138]LogWindows: Error: [Callstack] 0x00007ffc51440c02 UE4Editor-FunctionalTesting.dll!UnknownFunction []
[2020.10.18-21.56.58:700][138]LogWindows: Error: [Callstack] 0x00007ffc65172f8a UE4Editor-Engine.dll!UnknownFunction []
[2020.10.18-21.56.58:700][138]LogWindows: Error: [Callstack] 0x00007ffc651394c4 UE4Editor-Engine.dll!UnknownFunction []
[2020.10.18-21.56.58:700][138]LogWindows: Error: [Callstack] 0x00007ffc661f7e0f UE4Editor-Engine.dll!UnknownFunction []
[2020.10.18-21.56.58:700][138]LogWindows: Error: [Callstack] 0x00007ffc661fce67 UE4Editor-Engine.dll!UnknownFunction []
[2020.10.18-21.56.58:700][138]LogWindows: Error: [Callstack] 0x00007ffc684d87d8 UE4Editor-Core.dll!UnknownFunction []
[2020.10.18-21.56.58:700][138]LogWindows: Error: [Callstack] 0x00007ffc684d8aa3 UE4Editor-Core.dll!UnknownFunction []
[2020.10.18-21.56.58:700][138]LogWindows: Error: [Callstack] 0x00007ffc684ef027 UE4Editor-Core.dll!UnknownFunction []
[2020.10.18-21.56.58:700][138]LogWindows: Error: [Callstack] 0x00007ffc66218e52 UE4Editor-Engine.dll!UnknownFunction []
[2020.10.18-21.56.58:700][138]LogWindows: Error: [Callstack] 0x00007ffc6621e11a UE4Editor-Engine.dll!UnknownFunction []
[2020.10.18-21.56.58:700][138]LogWindows: Error: [Callstack] 0x00007ffc659dbfff UE4Editor-Engine.dll!UnknownFunction []
[2020.10.18-21.56.58:700][138]LogWindows: Error: [Callstack] 0x00007ffc659e6897 UE4Editor-Engine.dll!UnknownFunction []
[2020.10.18-21.56.58:700][138]LogWindows: Error: [Callstack] 0x00007ffc62a4af57 UE4Editor-UnrealEd.dll!UnknownFunction []
[2020.10.18-21.56.58:700][138]LogWindows: Error: [Callstack] 0x00007ffc63321d06 UE4Editor-UnrealEd.dll!UnknownFunction []
[2020.10.18-21.56.58:701][138]LogWindows: Error: [Callstack] 0x00007ff6b7ce7800 UE4Editor.exe!UnknownFunction []
[2020.10.18-21.56.58:701][138]LogWindows: Error: [Callstack] 0x00007ff6b7cfba7c UE4Editor.exe!UnknownFunction []
[2020.10.18-21.56.58:701][138]LogWindows: Error: [Callstack] 0x00007ff6b7cfbb5a UE4Editor.exe!UnknownFunction []
[2020.10.18-21.56.58:701][138]LogWindows: Error: [Callstack] 0x00007ff6b7d0e31d UE4Editor.exe!UnknownFunction []
[2020.10.18-21.56.58:701][138]LogWindows: Error: [Callstack] 0x00007ff6b7d1145a UE4Editor.exe!UnknownFunction []
[2020.10.18-21.56.58:701][138]LogWindows: Error: [Callstack] 0x00007ffcc1ae7bd4 KERNEL32.DLL!UnknownFunction []
[2020.10.18-21.56.58:701][138]LogWindows: Error: [Callstack] 0x00007ffcc336ce51 ntdll.dll!UnknownFunction []
[2020.10.18-21.56.58:701][138]LogWindows: Error: 
[2020.10.18-21.56.58:716][138]LogExit: Executing StaticShutdownAfterError
[2020.10.18-21.56.58:721][138]LogWindows: FPlatformMisc::RequestExit(1)
[2020.10.18-21.56.58:722][138]LogCore: Engine exit requested (reason: Win RequestExit)
[2020.10.18-21.56.58:738][138]Log file closed, 10/19/20 00:56:58
